#
# There is insufficient memory for the Java Runtime Environment to continue.
# Native memory allocation (mmap) failed to map 49283072 bytes for G1 virtual space
# Possible reasons:
#   The system is out of physical RAM or swap space
#   The process is running with CompressedOops enabled, and the Java Heap may be blocking the growth of the native heap
# Possible solutions:
#   Reduce memory load on the system
#   Increase physical memory or swap space
#   Check if swap backing store is full
#   Decrease Java heap size (-Xmx/-Xms)
#   Decrease number of Java threads
#   Decrease Java thread stack sizes (-Xss)
#   Set larger code cache with -XX:ReservedCodeCacheSize=
#   JVM is running with Unscaled Compressed Oops mode in which the Java heap is
#     placed in the first 4GB address space. The Java Heap base address is the
#     maximum limit for the native heap growth. Please use -XX:HeapBaseMinAddress
#     to set the Java Heap base and to place the Java Heap above 4GB virtual address.
# This output file may be truncated or incomplete.
#
#  Out of Memory Error (os_windows.cpp:3530), pid=16832, tid=15600
#
# JRE version: Java(TM) SE Runtime Environment (18.0+36) (build 18+36-2087)
# Java VM: Java HotSpot(TM) 64-Bit Server VM (18+36-2087, mixed mode, sharing, tiered, compressed oops, compressed class ptrs, g1 gc, windows-amd64)
# No core dump will be written. Minidumps are not enabled by default on client versions of Windows
#

---------------  S U M M A R Y ------------

Command Line: -Dfile.encoding=windows-1252 -Dstdout.encoding=windows-1252 -Dstderr.encoding=windows-1252 --module-path=C:\Users\user\OneDrive\Desktop\Banking\bin;C:\Users\user\OneDrive\Desktop\Banking\jcalendar-tz-1.3.3-4.jar;C:\Users\user\OneDrive\Desktop\Banking\mysql-connector-java-8.0.28.jar -XX:+ShowCodeDetailsInExceptionMessages -Djdk.module.main=MyNewBank MyNewBank/bank.management.system.Deposit

Host: Intel(R) Core(TM) i5-1035G1 CPU @ 1.00GHz, 8 cores, 7G,  Windows 11 , 64 bit Build 26100 (10.0.26100.3575)
Time: Thu Apr  3 15:11:20 2025 India Standard Time elapsed time: 7.191149 seconds (0d 0h 0m 7s)

---------------  T H R E A D  ---------------

Current thread (0x000002180e575c60):  VMThread "VM Thread" [stack: 0x0000002f8f100000,0x0000002f8f200000] [id=15600]

Stack: [0x0000002f8f100000,0x0000002f8f200000]
Native frames: (J=compiled Java code, j=interpreted, Vv=VM code, C=native code)
V  [jvm.dll+0x69804a]
V  [jvm.dll+0x7f308d]
V  [jvm.dll+0x7f499e]
V  [jvm.dll+0x7f5053]
V  [jvm.dll+0x25ca3f]
V  [jvm.dll+0x694f99]
V  [jvm.dll+0x689aca]
V  [jvm.dll+0x321efb]
V  [jvm.dll+0x3298d6]
V  [jvm.dll+0x37e47e]
V  [jvm.dll+0x37e6af]
V  [jvm.dll+0x2f9c7a]
V  [jvm.dll+0x2fca76]
V  [jvm.dll+0x306ee5]
V  [jvm.dll+0x33bff0]
V  [jvm.dll+0x7f9e3b]
V  [jvm.dll+0x7fabd4]
V  [jvm.dll+0x7fb10c]
V  [jvm.dll+0x7fb564]
V  [jvm.dll+0x7fb627]
V  [jvm.dll+0x79fbba]
V  [jvm.dll+0x696ef5]
C  [ucrtbase.dll+0x37b0]
C  [KERNEL32.DLL+0x2e8d7]
C  [ntdll.dll+0xb14fc]

VM_Operation (0x0000002f8edff450): G1Concurrent, mode: safepoint, requested by thread 0x000002180e55e950


---------------  P R O C E S S  ---------------

Threads class SMR info:
_java_thread_list=0x0000021871f45700, length=15, elements={
0x000002180e4f0060, 0x000002182cba4d10, 0x000002182cba51d0, 0x000002182cbbc940,
0x000002182cbbce00, 0x000002182cbbd2c0, 0x000002182cbc37a0, 0x000002182cbd7100,
0x000002182cbd7600, 0x000002182cbe0b00, 0x0000021871c8f4b0, 0x0000021871e5ef80,
0x0000021871ef9010, 0x0000021871f00f20, 0x0000021871f70c30
}

Java Threads: ( => current thread )
  0x000002180e4f0060 JavaThread "main" [_thread_blocked, id=18824, stack(0x0000002f8eb00000,0x0000002f8ec00000)]
  0x000002182cba4d10 JavaThread "Reference Handler" daemon [_thread_blocked, id=11368, stack(0x0000002f8f200000,0x0000002f8f300000)]
  0x000002182cba51d0 JavaThread "Finalizer" daemon [_thread_blocked, id=4868, stack(0x0000002f8f300000,0x0000002f8f400000)]
  0x000002182cbbc940 JavaThread "Signal Dispatcher" daemon [_thread_blocked, id=6948, stack(0x0000002f8f400000,0x0000002f8f500000)]
  0x000002182cbbce00 JavaThread "Attach Listener" daemon [_thread_blocked, id=16952, stack(0x0000002f8f500000,0x0000002f8f600000)]
  0x000002182cbbd2c0 JavaThread "Service Thread" daemon [_thread_blocked, id=744, stack(0x0000002f8f600000,0x0000002f8f700000)]
  0x000002182cbc37a0 JavaThread "Monitor Deflation Thread" daemon [_thread_blocked, id=9812, stack(0x0000002f8f700000,0x0000002f8f800000)]
  0x000002182cbd7100 JavaThread "C2 CompilerThread0" daemon [_thread_blocked, id=8684, stack(0x0000002f8f800000,0x0000002f8f900000)]
  0x000002182cbd7600 JavaThread "C1 CompilerThread0" daemon [_thread_blocked, id=16868, stack(0x0000002f8f900000,0x0000002f8fa00000)]
  0x000002182cbe0b00 JavaThread "Sweeper thread" daemon [_thread_blocked, id=7616, stack(0x0000002f8fa00000,0x0000002f8fb00000)]
  0x0000021871c8f4b0 JavaThread "Common-Cleaner" daemon [_thread_blocked, id=19724, stack(0x0000002f8fb00000,0x0000002f8fc00000)]
  0x0000021871e5ef80 JavaThread "Notification Thread" daemon [_thread_blocked, id=16792, stack(0x0000002f8fd00000,0x0000002f8fe00000)]
  0x0000021871ef9010 JavaThread "Java2D Disposer" daemon [_thread_blocked, id=4536, stack(0x0000002f8ff00000,0x0000002f90000000)]
  0x0000021871f00f20 JavaThread "AWT-Windows" daemon [_thread_in_native, id=1896, stack(0x0000002f90100000,0x0000002f90200000)]
  0x0000021871f70c30 JavaThread "Image Fetcher 0" daemon [_thread_blocked, id=17896, stack(0x0000002f8fc00000,0x0000002f8fd00000)]

Other Threads:
=>0x000002180e575c60 VMThread "VM Thread" [stack: 0x0000002f8f100000,0x0000002f8f200000] [id=15600]
  0x000002180e4f0cd0 WatcherThread "VM Periodic Task Thread" [stack: 0x0000002f8fe00000,0x0000002f8ff00000] [id=20612]
  0x000002180e54db00 WorkerThread "GC Thread#0" [stack: 0x0000002f8ec00000,0x0000002f8ed00000] [id=22772]
  0x00000218727204a0 WorkerThread "GC Thread#1" [stack: 0x0000002f90300000,0x0000002f90400000] [id=9384]
  0x0000021872720740 WorkerThread "GC Thread#2" [stack: 0x0000002f90400000,0x0000002f90500000] [id=3544]
  0x0000021871ffe320 WorkerThread "GC Thread#3" [stack: 0x0000002f90500000,0x0000002f90600000] [id=5928]
  0x000002187278d9b0 WorkerThread "GC Thread#4" [stack: 0x0000002f90600000,0x0000002f90700000] [id=9380]
  0x000002187278dc50 WorkerThread "GC Thread#5" [stack: 0x0000002f90700000,0x0000002f90800000] [id=9680]
  0x00000218727845a0 WorkerThread "GC Thread#6" [stack: 0x0000002f90800000,0x0000002f90900000] [id=16012]
  0x0000021872784840 WorkerThread "GC Thread#7" [stack: 0x0000002f90900000,0x0000002f90a00000] [id=22668]
  0x000002180e55e950 ConcurrentGCThread "G1 Main Marker" [stack: 0x0000002f8ed00000,0x0000002f8ee00000] [id=22200]
  0x000002180e5608a0 WorkerThread "G1 Conc#0" [stack: 0x0000002f8ee00000,0x0000002f8ef00000] [id=8512]
  0x0000021871fedfe0 WorkerThread "G1 Conc#1" [stack: 0x0000002f90000000,0x0000002f90100000] [id=20380]
  0x000002180e5ae120 ConcurrentGCThread "G1 Refine#0" [stack: 0x0000002f8ef00000,0x0000002f8f000000] [id=21632]
  0x000002180e5ae3f0 ConcurrentGCThread "G1 Service" [stack: 0x0000002f8f000000,0x0000002f8f100000] [id=11840]

Threads with active compile tasks:
C2 CompilerThread0     7252  774   !   4       sun.awt.image.PNGImageDecoder::produceImage (1917 bytes)

VM state: at safepoint (normal execution)

VM Mutex/Monitor currently owned by a thread:  ([mutex/lock_event])
[0x000002180e4ef0c0] Threads_lock - owner thread: 0x000002180e575c60
[0x000002180e4ed890] Heap_lock - owner thread: 0x000002180e55e950

Heap address: 0x0000000086600000, size: 1946 MB, Compressed Oops mode: 32-bit

CDS archive(s) mapped at: [0x000002182d000000-0x000002182dba0000-0x000002182dba0000), size 12189696, SharedBaseAddress: 0x000002182d000000, ArchiveRelocationMode: 0.
Compressed class space mapped at: 0x000002182dc00000-0x000002186dc00000, reserved size: 1073741824
Narrow klass base: 0x000002182d000000, Narrow klass shift: 0, Narrow klass range: 0x100000000

GC Precious Log:
 CardTable entry size: 512
 Card Set container configuration: InlinePtr #cards 5 size 8 Array Of Cards #cards 12 size 40 Howl #buckets 4 coarsen threshold 1843 Howl Bitmap #cards 512 size 80 coarsen threshold 460 Card regions per heap region 1 cards per card region 2048
 CPUs: 8 total, 8 available
 Memory: 7778M
 Large Page Support: Disabled
 NUMA Support: Disabled
 Compressed Oops: Enabled (32-bit)
 Heap Region Size: 1M
 Heap Min Capacity: 8M
 Heap Initial Capacity: 122M
 Heap Max Capacity: 1946M
 Pre-touch: Disabled
 Parallel Workers: 8
 Concurrent Workers: 2
 Concurrent Refinement Workers: 8
 Periodic GC: Disabled

Heap:
 garbage-first heap   total 124928K, used 100943K [0x0000000086600000, 0x0000000100000000)
  region size 1024K, 2 young (2048K), 1 survivors (1024K)
 Metaspace       used 5093K, committed 5248K, reserved 1114112K
  class space    used 530K, committed 640K, reserved 1048576K

Heap Regions: E=young(eden), S=young(survivor), O=old, HS=humongous(starts), HC=humongous(continues), CS=collection set, F=free, OA=open archive, CA=closed archive, TAMS=top-at-mark-start (previous, next)
|   0|0x0000000086600000, 0x0000000086700000, 0x0000000086700000|100%|HS|  |TAMS 0x0000000086700000, 0x0000000086600000| Complete 
|   1|0x0000000086700000, 0x0000000086800000, 0x0000000086800000|100%|HC|  |TAMS 0x0000000086800000, 0x0000000086700000| Complete 
|   2|0x0000000086800000, 0x0000000086900000, 0x0000000086900000|100%|HC|  |TAMS 0x0000000086900000, 0x0000000086800000| Complete 
|   3|0x0000000086900000, 0x0000000086a00000, 0x0000000086a00000|100%|HC|  |TAMS 0x0000000086a00000, 0x0000000086900000| Complete 
|   4|0x0000000086a00000, 0x0000000086b00000, 0x0000000086b00000|100%|HC|  |TAMS 0x0000000086b00000, 0x0000000086a00000| Complete 
|   5|0x0000000086b00000, 0x0000000086c00000, 0x0000000086c00000|100%|HC|  |TAMS 0x0000000086c00000, 0x0000000086b00000| Complete 
|   6|0x0000000086c00000, 0x0000000086d00000, 0x0000000086d00000|100%|HC|  |TAMS 0x0000000086d00000, 0x0000000086c00000| Complete 
|   7|0x0000000086d00000, 0x0000000086e00000, 0x0000000086e00000|100%|HC|  |TAMS 0x0000000086e00000, 0x0000000086d00000| Complete 
|   8|0x0000000086e00000, 0x0000000086f00000, 0x0000000086f00000|100%|HC|  |TAMS 0x0000000086f00000, 0x0000000086e00000| Complete 
|   9|0x0000000086f00000, 0x0000000087000000, 0x0000000087000000|100%|HC|  |TAMS 0x0000000087000000, 0x0000000086f00000| Complete 
|  10|0x0000000087000000, 0x0000000087100000, 0x0000000087100000|100%|HC|  |TAMS 0x0000000087100000, 0x0000000087000000| Complete 
|  11|0x0000000087100000, 0x0000000087200000, 0x0000000087200000|100%|HC|  |TAMS 0x0000000087200000, 0x0000000087100000| Complete 
|  12|0x0000000087200000, 0x0000000087300000, 0x0000000087300000|100%|HC|  |TAMS 0x0000000087300000, 0x0000000087200000| Complete 
|  13|0x0000000087300000, 0x0000000087400000, 0x0000000087400000|100%|HC|  |TAMS 0x0000000087400000, 0x0000000087300000| Complete 
|  14|0x0000000087400000, 0x0000000087500000, 0x0000000087500000|100%|HC|  |TAMS 0x0000000087500000, 0x0000000087400000| Complete 
|  15|0x0000000087500000, 0x0000000087600000, 0x0000000087600000|100%|HC|  |TAMS 0x0000000087600000, 0x0000000087500000| Complete 
|  16|0x0000000087600000, 0x0000000087700000, 0x0000000087700000|100%|HC|  |TAMS 0x0000000087700000, 0x0000000087600000| Complete 
|  17|0x0000000087700000, 0x0000000087800000, 0x0000000087800000|100%|HC|  |TAMS 0x0000000087800000, 0x0000000087700000| Complete 
|  18|0x0000000087800000, 0x0000000087900000, 0x0000000087900000|100%|HC|  |TAMS 0x0000000087900000, 0x0000000087800000| Complete 
|  19|0x0000000087900000, 0x0000000087a00000, 0x0000000087a00000|100%|HC|  |TAMS 0x0000000087a00000, 0x0000000087900000| Complete 
|  20|0x0000000087a00000, 0x0000000087b00000, 0x0000000087b00000|100%|HC|  |TAMS 0x0000000087b00000, 0x0000000087a00000| Complete 
|  21|0x0000000087b00000, 0x0000000087c00000, 0x0000000087c00000|100%|HC|  |TAMS 0x0000000087c00000, 0x0000000087b00000| Complete 
|  22|0x0000000087c00000, 0x0000000087d00000, 0x0000000087d00000|100%|HC|  |TAMS 0x0000000087d00000, 0x0000000087c00000| Complete 
|  23|0x0000000087d00000, 0x0000000087e00000, 0x0000000087e00000|100%|HC|  |TAMS 0x0000000087e00000, 0x0000000087d00000| Complete 
|  24|0x0000000087e00000, 0x0000000087f00000, 0x0000000087f00000|100%|HC|  |TAMS 0x0000000087f00000, 0x0000000087e00000| Complete 
|  25|0x0000000087f00000, 0x0000000088000000, 0x0000000088000000|100%|HC|  |TAMS 0x0000000088000000, 0x0000000087f00000| Complete 
|  26|0x0000000088000000, 0x0000000088100000, 0x0000000088100000|100%|HC|  |TAMS 0x0000000088100000, 0x0000000088000000| Complete 
|  27|0x0000000088100000, 0x0000000088200000, 0x0000000088200000|100%|HC|  |TAMS 0x0000000088200000, 0x0000000088100000| Complete 
|  28|0x0000000088200000, 0x0000000088300000, 0x0000000088300000|100%|HC|  |TAMS 0x0000000088300000, 0x0000000088200000| Complete 
|  29|0x0000000088300000, 0x0000000088400000, 0x0000000088400000|100%|HC|  |TAMS 0x0000000088400000, 0x0000000088300000| Complete 
|  30|0x0000000088400000, 0x0000000088500000, 0x0000000088500000|100%|HC|  |TAMS 0x0000000088500000, 0x0000000088400000| Complete 
|  31|0x0000000088500000, 0x0000000088600000, 0x0000000088600000|100%|HC|  |TAMS 0x0000000088600000, 0x0000000088500000| Complete 
|  32|0x0000000088600000, 0x0000000088700000, 0x0000000088700000|100%|HC|  |TAMS 0x0000000088700000, 0x0000000088600000| Complete 
|  33|0x0000000088700000, 0x0000000088800000, 0x0000000088800000|100%|HC|  |TAMS 0x0000000088800000, 0x0000000088700000| Complete 
|  34|0x0000000088800000, 0x0000000088900000, 0x0000000088900000|100%|HC|  |TAMS 0x0000000088900000, 0x0000000088800000| Complete 
|  35|0x0000000088900000, 0x0000000088a00000, 0x0000000088a00000|100%|HC|  |TAMS 0x0000000088a00000, 0x0000000088900000| Complete 
|  36|0x0000000088a00000, 0x0000000088b00000, 0x0000000088b00000|100%|HC|  |TAMS 0x0000000088b00000, 0x0000000088a00000| Complete 
|  37|0x0000000088b00000, 0x0000000088c00000, 0x0000000088c00000|100%|HC|  |TAMS 0x0000000088c00000, 0x0000000088b00000| Complete 
|  38|0x0000000088c00000, 0x0000000088d00000, 0x0000000088d00000|100%|HC|  |TAMS 0x0000000088d00000, 0x0000000088c00000| Complete 
|  39|0x0000000088d00000, 0x0000000088e00000, 0x0000000088e00000|100%|HC|  |TAMS 0x0000000088e00000, 0x0000000088d00000| Complete 
|  40|0x0000000088e00000, 0x0000000088f00000, 0x0000000088f00000|100%|HC|  |TAMS 0x0000000088f00000, 0x0000000088e00000| Complete 
|  41|0x0000000088f00000, 0x0000000089000000, 0x0000000089000000|100%|HC|  |TAMS 0x0000000089000000, 0x0000000088f00000| Complete 
|  42|0x0000000089000000, 0x0000000089100000, 0x0000000089100000|100%|HC|  |TAMS 0x0000000089100000, 0x0000000089000000| Complete 
|  43|0x0000000089100000, 0x0000000089200000, 0x0000000089200000|100%|HC|  |TAMS 0x0000000089200000, 0x0000000089100000| Complete 
|  44|0x0000000089200000, 0x0000000089300000, 0x0000000089300000|100%|HC|  |TAMS 0x0000000089300000, 0x0000000089200000| Complete 
|  45|0x0000000089300000, 0x0000000089400000, 0x0000000089400000|100%|HC|  |TAMS 0x0000000089400000, 0x0000000089300000| Complete 
|  46|0x0000000089400000, 0x0000000089500000, 0x0000000089500000|100%|HC|  |TAMS 0x0000000089500000, 0x0000000089400000| Complete 
|  47|0x0000000089500000, 0x0000000089600000, 0x0000000089600000|100%|HC|  |TAMS 0x0000000089600000, 0x0000000089500000| Complete 
|  48|0x0000000089600000, 0x0000000089700000, 0x0000000089700000|100%|HC|  |TAMS 0x0000000089700000, 0x0000000089600000| Complete 
|  49|0x0000000089700000, 0x0000000089800000, 0x0000000089800000|100%|HC|  |TAMS 0x0000000089800000, 0x0000000089700000| Complete 
|  50|0x0000000089800000, 0x0000000089900000, 0x0000000089900000|100%|HC|  |TAMS 0x0000000089900000, 0x0000000089800000| Complete 
|  51|0x0000000089900000, 0x0000000089a00000, 0x0000000089a00000|100%|HC|  |TAMS 0x0000000089a00000, 0x0000000089900000| Complete 
|  52|0x0000000089a00000, 0x0000000089b00000, 0x0000000089b00000|100%|HC|  |TAMS 0x0000000089b00000, 0x0000000089a00000| Complete 
|  53|0x0000000089b00000, 0x0000000089c00000, 0x0000000089c00000|100%|HC|  |TAMS 0x0000000089c00000, 0x0000000089b00000| Complete 
|  54|0x0000000089c00000, 0x0000000089d00000, 0x0000000089d00000|100%|HC|  |TAMS 0x0000000089d00000, 0x0000000089c00000| Complete 
|  55|0x0000000089d00000, 0x0000000089e00000, 0x0000000089e00000|100%|HC|  |TAMS 0x0000000089e00000, 0x0000000089d00000| Complete 
|  56|0x0000000089e00000, 0x0000000089f00000, 0x0000000089f00000|100%|HC|  |TAMS 0x0000000089f00000, 0x0000000089e00000| Complete 
|  57|0x0000000089f00000, 0x000000008a000000, 0x000000008a000000|100%|HC|  |TAMS 0x000000008a000000, 0x0000000089f00000| Complete 
|  58|0x000000008a000000, 0x000000008a100000, 0x000000008a100000|100%|HC|  |TAMS 0x000000008a100000, 0x000000008a000000| Complete 
|  59|0x000000008a100000, 0x000000008a200000, 0x000000008a200000|100%|HC|  |TAMS 0x000000008a200000, 0x000000008a100000| Complete 
|  60|0x000000008a200000, 0x000000008a300000, 0x000000008a300000|100%|HC|  |TAMS 0x000000008a300000, 0x000000008a200000| Complete 
|  61|0x000000008a300000, 0x000000008a400000, 0x000000008a400000|100%|HC|  |TAMS 0x000000008a400000, 0x000000008a300000| Complete 
|  62|0x000000008a400000, 0x000000008a500000, 0x000000008a500000|100%|HC|  |TAMS 0x000000008a500000, 0x000000008a400000| Complete 
|  63|0x000000008a500000, 0x000000008a600000, 0x000000008a600000|100%|HC|  |TAMS 0x000000008a600000, 0x000000008a500000| Complete 
|  64|0x000000008a600000, 0x000000008a700000, 0x000000008a700000|100%|HC|  |TAMS 0x000000008a700000, 0x000000008a600000| Complete 
|  65|0x000000008a700000, 0x000000008a800000, 0x000000008a800000|100%|HC|  |TAMS 0x000000008a800000, 0x000000008a700000| Complete 
|  66|0x000000008a800000, 0x000000008a900000, 0x000000008a900000|100%|HC|  |TAMS 0x000000008a900000, 0x000000008a800000| Complete 
|  67|0x000000008a900000, 0x000000008aa00000, 0x000000008aa00000|100%|HC|  |TAMS 0x000000008aa00000, 0x000000008a900000| Complete 
|  68|0x000000008aa00000, 0x000000008ab00000, 0x000000008ab00000|100%|HC|  |TAMS 0x000000008ab00000, 0x000000008aa00000| Complete 
|  69|0x000000008ab00000, 0x000000008ac00000, 0x000000008ac00000|100%|HC|  |TAMS 0x000000008ac00000, 0x000000008ab00000| Complete 
|  70|0x000000008ac00000, 0x000000008ad00000, 0x000000008ad00000|100%|HC|  |TAMS 0x000000008ad00000, 0x000000008ac00000| Complete 
|  71|0x000000008ad00000, 0x000000008ae00000, 0x000000008ae00000|100%|HC|  |TAMS 0x000000008ae00000, 0x000000008ad00000| Complete 
|  72|0x000000008ae00000, 0x000000008af00000, 0x000000008af00000|100%|HC|  |TAMS 0x000000008af00000, 0x000000008ae00000| Complete 
|  73|0x000000008af00000, 0x000000008b000000, 0x000000008b000000|100%|HC|  |TAMS 0x000000008b000000, 0x000000008af00000| Complete 
|  74|0x000000008b000000, 0x000000008b100000, 0x000000008b100000|100%|HC|  |TAMS 0x000000008b100000, 0x000000008b000000| Complete 
|  75|0x000000008b100000, 0x000000008b200000, 0x000000008b200000|100%|HC|  |TAMS 0x000000008b200000, 0x000000008b100000| Complete 
|  76|0x000000008b200000, 0x000000008b300000, 0x000000008b300000|100%|HC|  |TAMS 0x000000008b300000, 0x000000008b200000| Complete 
|  77|0x000000008b300000, 0x000000008b400000, 0x000000008b400000|100%|HC|  |TAMS 0x000000008b400000, 0x000000008b300000| Complete 
|  78|0x000000008b400000, 0x000000008b500000, 0x000000008b500000|100%|HC|  |TAMS 0x000000008b500000, 0x000000008b400000| Complete 
|  79|0x000000008b500000, 0x000000008b600000, 0x000000008b600000|100%|HC|  |TAMS 0x000000008b600000, 0x000000008b500000| Complete 
|  80|0x000000008b600000, 0x000000008b700000, 0x000000008b700000|100%|HC|  |TAMS 0x000000008b700000, 0x000000008b600000| Complete 
|  81|0x000000008b700000, 0x000000008b800000, 0x000000008b800000|100%|HC|  |TAMS 0x000000008b800000, 0x000000008b700000| Complete 
|  82|0x000000008b800000, 0x000000008b900000, 0x000000008b900000|100%|HC|  |TAMS 0x000000008b900000, 0x000000008b800000| Complete 
|  83|0x000000008b900000, 0x000000008ba00000, 0x000000008ba00000|100%|HC|  |TAMS 0x000000008ba00000, 0x000000008b900000| Complete 
|  84|0x000000008ba00000, 0x000000008bb00000, 0x000000008bb00000|100%|HC|  |TAMS 0x000000008bb00000, 0x000000008ba00000| Complete 
|  85|0x000000008bb00000, 0x000000008bc00000, 0x000000008bc00000|100%|HC|  |TAMS 0x000000008bc00000, 0x000000008bb00000| Complete 
|  86|0x000000008bc00000, 0x000000008bd00000, 0x000000008bd00000|100%|HC|  |TAMS 0x000000008bd00000, 0x000000008bc00000| Complete 
|  87|0x000000008bd00000, 0x000000008be00000, 0x000000008be00000|100%|HC|  |TAMS 0x000000008be00000, 0x000000008bd00000| Complete 
|  88|0x000000008be00000, 0x000000008bf00000, 0x000000008bf00000|100%|HC|  |TAMS 0x000000008bf00000, 0x000000008be00000| Complete 
|  89|0x000000008bf00000, 0x000000008c000000, 0x000000008c000000|100%|HC|  |TAMS 0x000000008c000000, 0x000000008bf00000| Complete 
|  90|0x000000008c000000, 0x000000008c100000, 0x000000008c100000|100%|HC|  |TAMS 0x000000008c100000, 0x000000008c000000| Complete 
|  91|0x000000008c100000, 0x000000008c200000, 0x000000008c200000|100%|HC|  |TAMS 0x000000008c200000, 0x000000008c100000| Complete 
|  92|0x000000008c200000, 0x000000008c300000, 0x000000008c300000|100%|HC|  |TAMS 0x000000008c300000, 0x000000008c200000| Complete 
|  93|0x000000008c300000, 0x000000008c400000, 0x000000008c400000|100%|HC|  |TAMS 0x000000008c400000, 0x000000008c300000| Complete 
|  94|0x000000008c400000, 0x000000008c500000, 0x000000008c500000|100%|HC|  |TAMS 0x000000008c500000, 0x000000008c400000| Complete 
|  95|0x000000008c500000, 0x000000008c600000, 0x000000008c600000|100%|HC|  |TAMS 0x000000008c600000, 0x000000008c500000| Complete 
|  96|0x000000008c600000, 0x000000008c700000, 0x000000008c700000|100%| O|  |TAMS 0x000000008c700000, 0x000000008c600000| Untracked 
|  97|0x000000008c700000, 0x000000008c800000, 0x000000008c800000|100%| O|  |TAMS 0x000000008c800000, 0x000000008c700000| Untracked 
|  98|0x000000008c800000, 0x000000008c876200, 0x000000008c900000| 46%| O|  |TAMS 0x000000008c876200, 0x000000008c800000| Updating 
|  99|0x000000008c900000, 0x000000008c900000, 0x000000008ca00000|  0%| F|  |TAMS 0x000000008c900000, 0x000000008c900000| Untracked 
| 100|0x000000008ca00000, 0x000000008ca00000, 0x000000008cb00000|  0%| F|  |TAMS 0x000000008ca00000, 0x000000008ca00000| Untracked 
| 101|0x000000008cb00000, 0x000000008cb00000, 0x000000008cc00000|  0%| F|  |TAMS 0x000000008cb00000, 0x000000008cb00000| Untracked 
| 102|0x000000008cc00000, 0x000000008cc00000, 0x000000008cd00000|  0%| F|  |TAMS 0x000000008cc00000, 0x000000008cc00000| Untracked 
| 103|0x000000008cd00000, 0x000000008cd00000, 0x000000008ce00000|  0%| F|  |TAMS 0x000000008cd00000, 0x000000008cd00000| Untracked 
| 104|0x000000008ce00000, 0x000000008ce00000, 0x000000008cf00000|  0%| F|  |TAMS 0x000000008ce00000, 0x000000008ce00000| Untracked 
| 105|0x000000008cf00000, 0x000000008cf00000, 0x000000008d000000|  0%| F|  |TAMS 0x000000008cf00000, 0x000000008cf00000| Untracked 
| 106|0x000000008d000000, 0x000000008d000000, 0x000000008d100000|  0%| F|  |TAMS 0x000000008d000000, 0x000000008d000000| Untracked 
| 107|0x000000008d100000, 0x000000008d100000, 0x000000008d200000|  0%| F|  |TAMS 0x000000008d100000, 0x000000008d100000| Untracked 
| 108|0x000000008d200000, 0x000000008d200000, 0x000000008d300000|  0%| F|  |TAMS 0x000000008d200000, 0x000000008d200000| Untracked 
| 109|0x000000008d300000, 0x000000008d300000, 0x000000008d400000|  0%| F|  |TAMS 0x000000008d300000, 0x000000008d300000| Untracked 
| 110|0x000000008d400000, 0x000000008d400000, 0x000000008d500000|  0%| F|  |TAMS 0x000000008d400000, 0x000000008d400000| Untracked 
| 111|0x000000008d500000, 0x000000008d500000, 0x000000008d600000|  0%| F|  |TAMS 0x000000008d500000, 0x000000008d500000| Untracked 
| 112|0x000000008d600000, 0x000000008d600000, 0x000000008d700000|  0%| F|  |TAMS 0x000000008d600000, 0x000000008d600000| Untracked 
| 113|0x000000008d700000, 0x000000008d700000, 0x000000008d800000|  0%| F|  |TAMS 0x000000008d700000, 0x000000008d700000| Untracked 
| 114|0x000000008d800000, 0x000000008d800000, 0x000000008d900000|  0%| F|  |TAMS 0x000000008d800000, 0x000000008d800000| Untracked 
| 115|0x000000008d900000, 0x000000008d91db10, 0x000000008da00000| 11%| S|CS|TAMS 0x000000008d900000, 0x000000008d900000| Complete 
| 116|0x000000008da00000, 0x000000008da00000, 0x000000008db00000|  0%| F|  |TAMS 0x000000008da00000, 0x000000008da00000| Untracked 
| 117|0x000000008db00000, 0x000000008db00000, 0x000000008dc00000|  0%| F|  |TAMS 0x000000008db00000, 0x000000008db00000| Untracked 
| 118|0x000000008dc00000, 0x000000008dc00000, 0x000000008dd00000|  0%| F|  |TAMS 0x000000008dc00000, 0x000000008dc00000| Untracked 
| 119|0x000000008dd00000, 0x000000008dd00000, 0x000000008de00000|  0%| F|  |TAMS 0x000000008dd00000, 0x000000008dd00000| Untracked 
| 120|0x000000008de00000, 0x000000008de00000, 0x000000008df00000|  0%| F|  |TAMS 0x000000008de00000, 0x000000008de00000| Untracked 
| 121|0x000000008df00000, 0x000000008dfeea28, 0x000000008e000000| 93%| E|  |TAMS 0x000000008df00000, 0x000000008df00000| Complete 

Card table byte_map: [0x0000021825cc0000,0x0000021826090000] _byte_map_base: 0x000002182588d000

Marking Bits (Prev, Next): (CMBitMap*) 0x000002180e54e050, (CMBitMap*) 0x000002180e54e010
 Prev Bits: [0x00000218282d0000, 0x000002182a138000)
 Next Bits: [0x0000021826460000, 0x00000218282c8000)

Polling page: 0x000002180e5b0000

Metaspace:

Usage:
  Non-class:      4.46 MB used.
      Class:    530.91 KB used.
       Both:      4.97 MB used.

Virtual space:
  Non-class space:       64.00 MB reserved,       4.50 MB (  7%) committed,  1 nodes.
      Class space:        1.00 GB reserved,     640.00 KB ( <1%) committed,  1 nodes.
             Both:        1.06 GB reserved,       5.12 MB ( <1%) committed. 

Chunk freelists:
   Non-Class:  2.88 MB
       Class:  3.24 MB
        Both:  6.12 MB

MaxMetaspaceSize: unlimited
CompressedClassSpaceSize: 1.00 GB
Initial GC threshold: 21.00 MB
Current GC threshold: 21.00 MB
CDS: on
MetaspaceReclaimPolicy: balanced
 - commit_granule_bytes: 65536.
 - commit_granule_words: 8192.
 - virtual_space_node_default_size: 8388608.
 - enlarge_chunks_in_place: 1.
 - new_chunks_are_fully_committed: 0.
 - uncommit_free_chunks: 1.
 - use_allocation_guard: 0.


Internal statistics:

num_allocs_failed_limit: 0.
num_arena_births: 116.
num_arena_deaths: 0.
num_vsnodes_births: 2.
num_vsnodes_deaths: 0.
num_space_committed: 82.
num_space_uncommitted: 0.
num_chunks_returned_to_freelist: 0.
num_chunks_taken_from_freelist: 149.
num_chunk_merges: 0.
num_chunk_splits: 89.
num_chunks_enlarged: 31.
num_inconsistent_stats: 0.

CodeHeap 'non-profiled nmethods': size=120000Kb used=241Kb max_used=241Kb free=119758Kb
 bounds [0x000002181d940000, 0x000002181dbb0000, 0x0000021824e70000]
CodeHeap 'profiled nmethods': size=120000Kb used=1261Kb max_used=1261Kb free=118738Kb
 bounds [0x0000021816410000, 0x0000021816680000, 0x000002181d940000]
CodeHeap 'non-nmethods': size=5760Kb used=1236Kb max_used=1259Kb free=4523Kb
 bounds [0x0000021815e70000, 0x00000218160e0000, 0x0000021816410000]
 total_blobs=1309 nmethods=783 adapters=439
 compilation: enabled
              stopped_count=0, restarted_count=0
 full_count=0

Compilation events (20 events):
Event: 5.160 Thread 0x000002182cbd7100 nmethod 764 0x000002181d97bb90 code [0x000002181d97bd20, 0x000002181d97c048]
Event: 5.160 Thread 0x000002182cbd7100  774   !   4       sun.awt.image.PNGImageDecoder::produceImage (1917 bytes)
Event: 5.161 Thread 0x000002182cbd7600  775   !   3       java.util.zip.Inflater::finished (19 bytes)
Event: 5.161 Thread 0x000002182cbd7600 nmethod 775 0x0000021816546090 code [0x0000021816546220, 0x0000021816546418]
Event: 5.162 Thread 0x000002182cbd7600  777       3       java.util.zip.InflaterInputStream::available (32 bytes)
Event: 5.165 Thread 0x000002182cbd7600 nmethod 777 0x0000021816546510 code [0x00000218165466e0, 0x0000021816546b88]
Event: 5.165 Thread 0x000002182cbd7600  778       3       java.security.AccessController::checkContext (49 bytes)
Event: 5.166 Thread 0x000002182cbd7600 nmethod 778 0x0000021816546d10 code [0x0000021816546ec0, 0x0000021816547098]
Event: 5.166 Thread 0x000002182cbd7600  779       3       sun.awt.image.ImageWatched$WeakLink::newInfo (78 bytes)
Event: 5.166 Thread 0x000002182cbd7600 nmethod 779 0x0000021816547190 code [0x0000021816547380, 0x00000218165479a8]
Event: 5.166 Thread 0x000002182cbd7600  780       3       sun.awt.image.ImageWatched$WeakLink::update (39 bytes)
Event: 5.168 Thread 0x000002182cbd7600 nmethod 780 0x0000021816547b90 code [0x0000021816547e20, 0x0000021816548d28]
Event: 5.168 Thread 0x000002182cbd7600  781       3       java.lang.invoke.LambdaForm$MH/0x000002182dcc1400::linkToTargetMethod (19 bytes)
Event: 5.168 Thread 0x000002182cbd7600 nmethod 781 0x0000021816549190 code [0x0000021816549340, 0x00000218165496f8]
Event: 5.168 Thread 0x000002182cbd7600  784       3       sun.awt.image.ImageDecoder::setPixels (58 bytes)
Event: 5.169 Thread 0x000002182cbd7600 nmethod 784 0x0000021816549810 code [0x0000021816549a00, 0x000002181654a148]
Event: 5.169 Thread 0x000002182cbd7600  782       3       java.lang.invoke.LambdaForm$DMH/0x000002182dcc0c00::newInvokeSpecial (36 bytes)
Event: 5.170 Thread 0x000002182cbd7600 nmethod 782 0x000002181654a490 code [0x000002181654a680, 0x000002181654ad28]
Event: 5.170 Thread 0x000002182cbd7600  783       3       sun.awt.image.ImageWatched$WeakLink$$Lambda$178/0x000002182dc88cc8::<init> (44 bytes)
Event: 5.170 Thread 0x000002182cbd7600 nmethod 783 0x000002181654af90 code [0x000002181654b140, 0x000002181654b378]

GC Heap History (6 events):
Event: 3.986 GC heap before
{Heap before GC invocations=0 (full 0):
 garbage-first heap   total 124928K, used 8192K [0x0000000086600000, 0x0000000100000000)
  region size 1024K, 9 young (9216K), 0 survivors (0K)
 Metaspace       used 4955K, committed 5120K, reserved 1114112K
  class space    used 523K, committed 640K, reserved 1048576K
}
Event: 5.000 GC heap after
{Heap after GC invocations=1 (full 0):
 garbage-first heap   total 124928K, used 2560K [0x0000000086600000, 0x0000000100000000)
  region size 1024K, 3 young (3072K), 3 survivors (3072K)
 Metaspace       used 4955K, committed 5120K, reserved 1114112K
  class space    used 523K, committed 640K, reserved 1048576K
}
Event: 5.097 GC heap before
{Heap before GC invocations=1 (full 0):
 garbage-first heap   total 124928K, used 102912K [0x0000000086600000, 0x0000000100000000)
  region size 1024K, 6 young (6144K), 3 survivors (3072K)
 Metaspace       used 5078K, committed 5248K, reserved 1114112K
  class space    used 530K, committed 640K, reserved 1048576K
}
Event: 5.106 GC heap after
{Heap after GC invocations=2 (full 0):
 garbage-first heap   total 124928K, used 101297K [0x0000000086600000, 0x0000000100000000)
  region size 1024K, 1 young (1024K), 1 survivors (1024K)
 Metaspace       used 5078K, committed 5248K, reserved 1114112K
  class space    used 530K, committed 640K, reserved 1048576K
}
Event: 5.163 GC heap before
{Heap before GC invocations=2 (full 0):
 garbage-first heap   total 124928K, used 105393K [0x0000000086600000, 0x0000000100000000)
  region size 1024K, 6 young (6144K), 1 survivors (1024K)
 Metaspace       used 5086K, committed 5248K, reserved 1114112K
  class space    used 530K, committed 640K, reserved 1048576K
}
Event: 5.164 GC heap after
{Heap after GC invocations=3 (full 0):
 garbage-first heap   total 124928K, used 100943K [0x0000000086600000, 0x0000000100000000)
  region size 1024K, 1 young (1024K), 1 survivors (1024K)
 Metaspace       used 5086K, committed 5248K, reserved 1114112K
  class space    used 530K, committed 640K, reserved 1048576K
}

Deoptimization events (20 events):
Event: 3.901 Thread 0x000002180e4f0060 DEOPT PACKING pc=0x000002181d95a0b8 sp=0x0000002f8ebfec80
Event: 3.901 Thread 0x000002180e4f0060 DEOPT UNPACKING pc=0x0000021815ec5c23 sp=0x0000002f8ebfec18 mode 2
Event: 3.910 Thread 0x000002180e4f0060 Uncommon trap: trap_request=0xffffff45 fr.pc=0x000002181d968878 relative=0x00000000000000d8
Event: 3.910 Thread 0x000002180e4f0060 Uncommon trap: reason=unstable_if action=reinterpret pc=0x000002181d968878 method=java.util.HashMap.hash(Ljava/lang/Object;)I @ 1 c2
Event: 3.910 Thread 0x000002180e4f0060 DEOPT PACKING pc=0x000002181d968878 sp=0x0000002f8ebfee20
Event: 3.910 Thread 0x000002180e4f0060 DEOPT UNPACKING pc=0x0000021815ec5c23 sp=0x0000002f8ebfed60 mode 2
Event: 3.975 Thread 0x0000021871f70c30 Uncommon trap: trap_request=0xffffff45 fr.pc=0x000002181d954044 relative=0x0000000000000124
Event: 3.975 Thread 0x0000021871f70c30 Uncommon trap: reason=unstable_if action=reinterpret pc=0x000002181d954044 method=java.lang.StringLatin1.lastIndexOf([BI[BII)I @ 86 c2
Event: 3.975 Thread 0x0000021871f70c30 DEOPT PACKING pc=0x000002181d954044 sp=0x0000002f8fcfe680
Event: 3.975 Thread 0x0000021871f70c30 DEOPT UNPACKING pc=0x0000021815ec5c23 sp=0x0000002f8fcfe5d8 mode 2
Event: 3.978 Thread 0x0000021871f70c30 Uncommon trap: trap_request=0xffffff45 fr.pc=0x000002181d94e85c relative=0x000000000000005c
Event: 3.978 Thread 0x0000021871f70c30 Uncommon trap: reason=unstable_if action=reinterpret pc=0x000002181d94e85c method=java.lang.String.isLatin1()Z @ 10 c2
Event: 3.978 Thread 0x0000021871f70c30 DEOPT PACKING pc=0x000002181d94e85c sp=0x0000002f8fcfe9b0
Event: 3.978 Thread 0x0000021871f70c30 DEOPT UNPACKING pc=0x0000021815ec5c23 sp=0x0000002f8fcfe940 mode 2
Event: 3.978 Thread 0x0000021871f70c30 Uncommon trap: trap_request=0xffffff45 fr.pc=0x000002181d94f148 relative=0x0000000000000048
Event: 3.978 Thread 0x0000021871f70c30 Uncommon trap: reason=unstable_if action=reinterpret pc=0x000002181d94f148 method=java.lang.CharacterData.of(I)Ljava/lang/CharacterData; @ 4 c2
Event: 3.978 Thread 0x0000021871f70c30 DEOPT PACKING pc=0x000002181d94f148 sp=0x0000002f8fcfe4d0
Event: 3.978 Thread 0x0000021871f70c30 DEOPT UNPACKING pc=0x0000021815ec5c23 sp=0x0000002f8fcfe470 mode 2
Event: 5.156 Thread 0x0000021871f70c30 DEOPT PACKING pc=0x00000218165367f8 sp=0x0000002f8fcfeed0
Event: 5.156 Thread 0x0000021871f70c30 DEOPT UNPACKING pc=0x0000021815ec6763 sp=0x0000002f8fcfe500 mode 0

Classes loaded (20 events):
Event: 5.001 Loading class sun/awt/AppContext$PostShutdownEventRunnable
Event: 5.001 Loading class sun/awt/AppContext$PostShutdownEventRunnable done
Event: 5.001 Loading class sun/awt/AWTAutoShutdown$1
Event: 5.001 Loading class sun/awt/AWTAutoShutdown$1 done
Event: 5.045 Loading class java/awt/image/SinglePixelPackedSampleModel
Event: 5.045 Loading class java/awt/image/SampleModel
Event: 5.045 Loading class java/awt/image/SampleModel done
Event: 5.045 Loading class java/awt/image/SinglePixelPackedSampleModel done
Event: 5.046 Loading class sun/awt/image/IntegerInterleavedRaster
Event: 5.046 Loading class sun/awt/image/IntegerComponentRaster
Event: 5.046 Loading class sun/awt/image/IntegerComponentRaster done
Event: 5.046 Loading class sun/awt/image/IntegerInterleavedRaster done
Event: 5.048 Loading class java/awt/image/BufferedImage
Event: 5.048 Loading class java/awt/image/WritableRenderedImage
Event: 5.048 Loading class java/awt/image/RenderedImage
Event: 5.048 Loading class java/awt/image/RenderedImage done
Event: 5.049 Loading class java/awt/image/WritableRenderedImage done
Event: 5.049 Loading class java/awt/image/BufferedImage done
Event: 5.049 Loading class java/awt/image/BufferedImage$1
Event: 5.049 Loading class java/awt/image/BufferedImage$1 done

Classes unloaded (0 events):
No events

Classes redefined (0 events):
No events

Internal exceptions (18 events):
Event: 2.487 Thread 0x000002180e4f0060 Exception <a 'java/lang/NoSuchMethodError'{0x000000008de25510}: 'void java.lang.invoke.DirectMethodHandle$Holder.invokeVirtual(java.lang.Object, java.lang.Object)'> (0x000000008de25510) 
thrown [t:\workspace\open\src\hotspot\share\interpreter\linkResolver.cpp, line 766]
Event: 3.581 Thread 0x000002180e4f0060 Exception <a 'java/lang/NoSuchMethodError'{0x000000008dd7fcd0}: 'void java.lang.invoke.DirectMethodHandle$Holder.invokeSpecial(java.lang.Object, java.lang.Object, java.lang.Object)'> (0x000000008dd7fcd0) 
thrown [t:\workspace\open\src\hotspot\share\interpreter\linkResolver.cpp, line 766]
Event: 3.585 Thread 0x000002180e4f0060 Exception <a 'java/lang/NoSuchMethodError'{0x000000008dd8b228}: 'void java.lang.invoke.DirectMethodHandle$Holder.invokeSpecial(java.lang.Object, java.lang.Object, java.lang.Object, java.lang.Object, java.lang.Object)'> (0x000000008dd8b228) 
thrown [t:\workspace\open\src\hotspot\share\interpreter\linkResolver.cpp, line 766]
Event: 3.591 Thread 0x000002180e4f0060 Exception <a 'java/lang/NoSuchMethodError'{0x000000008dd9e9c0}: 'java.lang.Object java.lang.invoke.DirectMethodHandle$Holder.invokeInterface(java.lang.Object, java.lang.Object)'> (0x000000008dd9e9c0) 
thrown [t:\workspace\open\src\hotspot\share\interpreter\linkResolver.cpp, line 766]
Event: 3.592 Thread 0x000002180e4f0060 Exception <a 'java/lang/IncompatibleClassChangeError'{0x000000008dda1f08}: Found class java.lang.Object, but interface was expected> (0x000000008dda1f08) 
thrown [t:\workspace\open\src\hotspot\share\interpreter\linkResolver.cpp, line 833]
Event: 3.593 Thread 0x000002180e4f0060 Exception <a 'java/lang/NoSuchMethodError'{0x000000008dda4df8}: 'void java.lang.invoke.DirectMethodHandle$Holder.invokeStatic(java.lang.Object, java.lang.Object, java.lang.Object, java.lang.Object)'> (0x000000008dda4df8) 
thrown [t:\workspace\open\src\hotspot\share\interpreter\linkResolver.cpp, line 766]
Event: 3.643 Thread 0x000002180e4f0060 Exception <a 'sun/nio/fs/WindowsException'{0x000000008dc42fc0}> (0x000000008dc42fc0) 
thrown [t:\workspace\open\src\hotspot\share\prims\jni.cpp, line 516]
Event: 3.648 Thread 0x000002180e4f0060 Exception <a 'java/lang/ClassNotFoundException'{0x000000008dc48d00}: sun/awt/resources/spi/awtProvider> (0x000000008dc48d00) 
thrown [t:\workspace\open\src\hotspot\share\classfile\systemDictionary.cpp, line 255]
Event: 3.690 Thread 0x000002180e4f0060 Exception <a 'java/io/FileNotFoundException'{0x000000008db10cd8}> (0x000000008db10cd8) 
thrown [t:\workspace\open\src\hotspot\share\prims\jni.cpp, line 516]
Event: 3.702 Thread 0x000002180e4f0060 Exception <a 'java/io/FileNotFoundException'{0x000000008db3dc68}> (0x000000008db3dc68) 
thrown [t:\workspace\open\src\hotspot\share\prims\jni.cpp, line 516]
Event: 3.763 Thread 0x000002180e4f0060 Exception <a 'java/lang/NoSuchMethodError'{0x000000008db810b8}: 'java.lang.Object java.lang.invoke.DirectMethodHandle$Holder.invokeStaticInit(java.lang.Object)'> (0x000000008db810b8) 
thrown [t:\workspace\open\src\hotspot\share\interpreter\linkResolver.cpp, line 766]
Event: 3.839 Thread 0x000002180e4f0060 Exception <a 'java/lang/NoSuchMethodError'{0x000000008da04e58}: 'java.lang.Object java.lang.invoke.DirectMethodHandle$Holder.newInvokeSpecial(java.lang.Object, java.lang.Object, java.lang.Object, java.lang.Object, java.lang.Object)'> (0x000000008da04e58) 
thrown [t:\workspace\open\src\hotspot\share\interpreter\linkResolver.cpp, line 766]
Event: 3.851 Thread 0x000002180e4f0060 Exception <a 'java/lang/NoSuchMethodError'{0x000000008da36968}: 'java.lang.Object java.lang.invoke.DirectMethodHandle$Holder.invokeStatic(java.lang.Object, int, java.lang.Object)'> (0x000000008da36968) 
thrown [t:\workspace\open\src\hotspot\share\interpreter\linkResolver.cpp, line 766]
Event: 3.899 Thread 0x000002180e4f0060 Exception <a 'java/lang/ClassNotFoundException'{0x000000008daf2c00}: com/sun/swing/internal/plaf/metal/resources/spi/metalProvider> (0x000000008daf2c00) 
thrown [t:\workspace\open\src\hotspot\share\classfile\systemDictionary.cpp, line 255]
Event: 3.901 Thread 0x000002180e4f0060 Exception <a 'java/lang/ClassNotFoundException'{0x000000008daf6c88}: com/sun/swing/internal/plaf/basic/resources/spi/basicProvider> (0x000000008daf6c88) 
thrown [t:\workspace\open\src\hotspot\share\classfile\systemDictionary.cpp, line 255]
Event: 3.910 Thread 0x000002180e4f0060 Implicit null exception at 0x000002181d9687d8 to 0x000002181d96886e
Event: 3.915 Thread 0x000002180e4f0060 Exception <a 'java/lang/NoSuchMethodError'{0x000000008d9174d0}: 'int java.lang.invoke.Invokers$Holder.invokeExact_MT(java.lang.Object, java.lang.Object)'> (0x000000008d9174d0) 
thrown [t:\workspace\open\src\hotspot\share\interpreter\linkResolver.cpp, line 766]
Event: 3.983 Thread 0x0000021871f70c30 Exception <a 'java/lang/NoSuchMethodError'{0x000000008d8fb6b0}: 'java.lang.Object java.lang.invoke.DirectMethodHandle$Holder.newInvokeSpecial(java.lang.Object, java.lang.Object, java.lang.Object, int, int, int, int, int)'> (0x000000008d8fb6b0) 
thrown [t:\workspace\open\src\hotspot\share\interpreter\linkResolver.cpp, line 766]

VM Operations (11 events):
Event: 3.426 Executing VM operation: Cleanup
Event: 3.534 Executing VM operation: Cleanup done
Event: 3.978 Executing VM operation: HandshakeAllThreads
Event: 3.978 Executing VM operation: HandshakeAllThreads done
Event: 3.986 Executing VM operation: G1TryInitiateConcMark
Event: 5.000 Executing VM operation: G1TryInitiateConcMark done
Event: 5.097 Executing VM operation: G1CollectForAllocation
Event: 5.106 Executing VM operation: G1CollectForAllocation done
Event: 5.163 Executing VM operation: G1CollectForAllocation
Event: 5.165 Executing VM operation: G1CollectForAllocation done
Event: 5.171 Executing VM operation: G1Concurrent

Events (20 events):
Event: 2.436 Thread 0x000002182cbc37a0 Thread added: 0x000002182cbc37a0
Event: 2.436 Thread 0x000002182cbd7100 Thread added: 0x000002182cbd7100
Event: 2.436 Thread 0x000002182cbd7600 Thread added: 0x000002182cbd7600
Event: 2.436 Thread 0x000002182cbe0b00 Thread added: 0x000002182cbe0b00
Event: 2.461 Thread 0x0000021871c8f4b0 Thread added: 0x0000021871c8f4b0
Event: 2.471 Loaded shared library C:\Program Files\Java\jdk-18\bin\net.dll
Event: 2.474 Loaded shared library C:\Program Files\Java\jdk-18\bin\nio.dll
Event: 2.507 Loaded shared library C:\Program Files\Java\jdk-18\bin\zip.dll
Event: 3.570 Thread 0x0000021871d41330 Thread added: 0x0000021871d41330
Event: 3.613 Thread 0x0000021871e5ef80 Thread added: 0x0000021871e5ef80
Event: 3.636 Loaded shared library C:\Program Files\Java\jdk-18\bin\jimage.dll
Event: 3.669 Loaded shared library C:\Program Files\Java\jdk-18\bin\awt.dll
Event: 3.765 Thread 0x0000021871ef9010 Thread added: 0x0000021871ef9010
Event: 3.766 Thread 0x0000021871efbf90 Thread added: 0x0000021871efbf90
Event: 3.769 Thread 0x0000021871f00f20 Thread added: 0x0000021871f00f20
Event: 3.802 Thread 0x0000021871d41330 Thread exited: 0x0000021871d41330
Event: 3.923 Thread 0x0000021871f70c30 Thread added: 0x0000021871f70c30
Event: 3.954 Thread 0x0000021871f96f60 Thread added: 0x0000021871f96f60
Event: 5.001 Thread 0x0000021871f96f60 Thread exited: 0x0000021871f96f60
Event: 5.001 Thread 0x0000021871efbf90 Thread exited: 0x0000021871efbf90


Dynamic libraries:
0x00007ff6cc450000 - 0x00007ff6cc460000 	C:\Program Files\Java\jdk-18\bin\javaw.exe
0x00007ffbc8aa0000 - 0x00007ffbc8d00000 	C:\WINDOWS\SYSTEM32\ntdll.dll
0x00007ffbc6fa0000 - 0x00007ffbc7067000 	C:\WINDOWS\System32\KERNEL32.DLL
0x00007ffbc6160000 - 0x00007ffbc652a000 	C:\WINDOWS\System32\KERNELBASE.dll
0x00007ffbc65d0000 - 0x00007ffbc671b000 	C:\WINDOWS\System32\ucrtbase.dll
0x00007ffbc04e0000 - 0x00007ffbc04fa000 	C:\Program Files\Java\jdk-18\bin\VCRUNTIME140.dll
0x00007ffbc07d0000 - 0x00007ffbc07e8000 	C:\Program Files\Java\jdk-18\bin\jli.dll
0x00007ffbc6a70000 - 0x00007ffbc6b22000 	C:\WINDOWS\System32\ADVAPI32.dll
0x00007ffbc6cd0000 - 0x00007ffbc6d79000 	C:\WINDOWS\System32\msvcrt.dll
0x00007ffbc70a0000 - 0x00007ffbc7146000 	C:\WINDOWS\System32\sechost.dll
0x00007ffbc8670000 - 0x00007ffbc8786000 	C:\WINDOWS\System32\RPCRT4.dll
0x00007ffbc75f0000 - 0x00007ffbc77bc000 	C:\WINDOWS\System32\USER32.dll
0x00007ffbc6870000 - 0x00007ffbc6897000 	C:\WINDOWS\System32\win32u.dll
0x00007ffbb1db0000 - 0x00007ffbb2049000 	C:\WINDOWS\WinSxS\amd64_microsoft.windows.common-controls_6595b64144ccf1df_6.0.26100.3575_none_3e0d5430e32ff727\COMCTL32.dll
0x00007ffbc7950000 - 0x00007ffbc797a000 	C:\WINDOWS\System32\GDI32.dll
0x00007ffbc5c80000 - 0x00007ffbc5db1000 	C:\WINDOWS\System32\gdi32full.dll
0x00007ffbc5dc0000 - 0x00007ffbc5e63000 	C:\WINDOWS\System32\msvcp_win.dll
0x00007ffbb55c0000 - 0x00007ffbb55cb000 	C:\WINDOWS\SYSTEM32\VERSION.dll
0x00007ffbc68b0000 - 0x00007ffbc68df000 	C:\WINDOWS\System32\IMM32.DLL
0x00007ffbc04d0000 - 0x00007ffbc04dc000 	C:\Program Files\Java\jdk-18\bin\vcruntime140_1.dll
0x00007ffbaaf60000 - 0x00007ffbaafed000 	C:\Program Files\Java\jdk-18\bin\msvcp140.dll
0x00007ffb48740000 - 0x00007ffb49351000 	C:\Program Files\Java\jdk-18\bin\server\jvm.dll
0x00007ffbc75e0000 - 0x00007ffbc75e8000 	C:\WINDOWS\System32\PSAPI.DLL
0x00007ffbb9100000 - 0x00007ffbb910a000 	C:\WINDOWS\SYSTEM32\WSOCK32.dll
0x00007ffbb2990000 - 0x00007ffbb29c6000 	C:\WINDOWS\SYSTEM32\WINMM.dll
0x00007ffbc7e10000 - 0x00007ffbc7e84000 	C:\WINDOWS\System32\WS2_32.dll
0x00007ffbc4a90000 - 0x00007ffbc4aaa000 	C:\WINDOWS\SYSTEM32\kernel.appcore.dll
0x00007ffbc04c0000 - 0x00007ffbc04ca000 	C:\Program Files\Java\jdk-18\bin\jimage.dll
0x00007ffbc3360000 - 0x00007ffbc35a1000 	C:\WINDOWS\SYSTEM32\DBGHELP.DLL
0x00007ffbc7150000 - 0x00007ffbc74d3000 	C:\WINDOWS\System32\combase.dll
0x00007ffbc6b30000 - 0x00007ffbc6c06000 	C:\WINDOWS\System32\OLEAUT32.dll
0x00007ffbb1690000 - 0x00007ffbb16c9000 	C:\WINDOWS\SYSTEM32\dbgcore.DLL
0x00007ffbc6530000 - 0x00007ffbc65c9000 	C:\WINDOWS\System32\bcryptPrimitives.dll
0x00007ffbb9010000 - 0x00007ffbb9035000 	C:\Program Files\Java\jdk-18\bin\java.dll
0x00007ffbaac10000 - 0x00007ffbaace6000 	C:\Program Files\Java\jdk-18\bin\jsvml.dll
0x00007ffbc7ef0000 - 0x00007ffbc8619000 	C:\WINDOWS\System32\SHELL32.dll
0x00007ffbc5ff0000 - 0x00007ffbc6158000 	C:\WINDOWS\System32\wintypes.dll
0x00007ffbc38f0000 - 0x00007ffbc4143000 	C:\WINDOWS\SYSTEM32\windows.storage.dll
0x00007ffbc8970000 - 0x00007ffbc8a5d000 	C:\WINDOWS\System32\SHCORE.dll
0x00007ffbc7570000 - 0x00007ffbc75d5000 	C:\WINDOWS\System32\shlwapi.dll
0x00007ffbc5b90000 - 0x00007ffbc5bbf000 	C:\WINDOWS\SYSTEM32\profapi.dll
0x00007ffbb8ca0000 - 0x00007ffbb8cb3000 	C:\Program Files\Java\jdk-18\bin\net.dll
0x00007ffbbcc10000 - 0x00007ffbbcd2e000 	C:\WINDOWS\SYSTEM32\WINHTTP.dll
0x00007ffbc4fb0000 - 0x00007ffbc501a000 	C:\WINDOWS\system32\mswsock.dll
0x00007ffbb3bf0000 - 0x00007ffbb3c06000 	C:\Program Files\Java\jdk-18\bin\nio.dll
0x00007ffbaaf40000 - 0x00007ffbaaf58000 	C:\Program Files\Java\jdk-18\bin\zip.dll
0x00007ffba3dc0000 - 0x00007ffba3f4f000 	C:\Program Files\Java\jdk-18\bin\awt.dll
0x00007ffbc27d0000 - 0x00007ffbc286c000 	C:\WINDOWS\SYSTEM32\apphelp.dll
0x00007ffbc2cd0000 - 0x00007ffbc2d05000 	C:\WINDOWS\system32\DWMAPI.DLL
0x00007ffbc29a0000 - 0x00007ffbc2a4f000 	C:\WINDOWS\system32\uxtheme.dll
0x00007ffbb27d0000 - 0x00007ffbb28dc000 	C:\WINDOWS\system32\opengl32.dll
0x00007ffbb4ff0000 - 0x00007ffbb501d000 	C:\WINDOWS\SYSTEM32\GLU32.dll
0x00007ffbc2d10000 - 0x00007ffbc2d57000 	C:\WINDOWS\SYSTEM32\dxcore.dll
0x00007ffbc77c0000 - 0x00007ffbc791d000 	C:\WINDOWS\System32\MSCTF.dll
0x00007ffbc6e00000 - 0x00007ffbc6f96000 	C:\WINDOWS\System32\ole32.dll

dbghelp: loaded successfully - version: 4.0.5 - missing functions: none
symbol engine: initialized successfully - sym options: 0x614 - pdb path: .;C:\Program Files\Java\jdk-18\bin;C:\WINDOWS\SYSTEM32;C:\WINDOWS\WinSxS\amd64_microsoft.windows.common-controls_6595b64144ccf1df_6.0.26100.3575_none_3e0d5430e32ff727;C:\Program Files\Java\jdk-18\bin\server

VM Arguments:
jvm_args: -Dfile.encoding=windows-1252 -Dstdout.encoding=windows-1252 -Dstderr.encoding=windows-1252 --module-path=C:\Users\user\OneDrive\Desktop\Banking\bin;C:\Users\user\OneDrive\Desktop\Banking\jcalendar-tz-1.3.3-4.jar;C:\Users\user\OneDrive\Desktop\Banking\mysql-connector-java-8.0.28.jar -XX:+ShowCodeDetailsInExceptionMessages -Djdk.module.main=MyNewBank 
java_command: MyNewBank/bank.management.system.Deposit
java_class_path (initial): <not set>
Launcher Type: SUN_STANDARD

[Global flags]
     intx CICompilerCount                          = 4                                         {product} {ergonomic}
     uint ConcGCThreads                            = 2                                         {product} {ergonomic}
     uint G1ConcRefinementThreads                  = 8                                         {product} {ergonomic}
   size_t G1HeapRegionSize                         = 1048576                                   {product} {ergonomic}
    uintx GCDrainStackTargetSize                   = 64                                        {product} {ergonomic}
   size_t InitialHeapSize                          = 127926272                                 {product} {ergonomic}
   size_t MarkStackSize                            = 4194304                                   {product} {ergonomic}
   size_t MaxHeapSize                              = 2040528896                                {product} {ergonomic}
   size_t MaxNewSize                               = 1223688192                                {product} {ergonomic}
   size_t MinHeapDeltaBytes                        = 1048576                                   {product} {ergonomic}
   size_t MinHeapSize                              = 8388608                                   {product} {ergonomic}
    uintx NonNMethodCodeHeapSize                   = 5839372                                {pd product} {ergonomic}
    uintx NonProfiledCodeHeapSize                  = 122909434                              {pd product} {ergonomic}
    uintx ProfiledCodeHeapSize                     = 122909434                              {pd product} {ergonomic}
    uintx ReservedCodeCacheSize                    = 251658240                              {pd product} {ergonomic}
     bool SegmentedCodeCache                       = true                                      {product} {ergonomic}
     bool ShowCodeDetailsInExceptionMessages       = true                                   {manageable} {command line}
   size_t SoftMaxHeapSize                          = 2040528896                             {manageable} {ergonomic}
     bool UseCompressedClassPointers               = true                           {product lp64_product} {ergonomic}
     bool UseCompressedOops                        = true                           {product lp64_product} {ergonomic}
     bool UseG1GC                                  = true                                      {product} {ergonomic}
     bool UseLargePagesIndividualAllocation        = false                                  {pd product} {ergonomic}

Logging:
Log output configuration:
 #0: stdout all=warning uptime,level,tags foldmultilines=false
 #1: stderr all=off uptime,level,tags foldmultilines=false

Environment Variables:
JAVA_HOME=C:\Program Files\Java\jdk-18
PATH=C:/Users/user/.p2/pool/plugins/org.eclipse.justj.openjdk.hotspot.jre.full.win32.x86_64_23.0.1.v20241024-1700/jre/bin/server;C:/Users/user/.p2/pool/plugins/org.eclipse.justj.openjdk.hotspot.jre.full.win32.x86_64_23.0.1.v20241024-1700/jre/bin;C:\oracle\product\10.2.0\db_1\bin;C:\Program Files\Common Files\Oracle\Java\javapath;C:\WINDOWS\system32;C:\WINDOWS;C:\WINDOWS\System32\Wbem;C:\WINDOWS\System32\WindowsPowerShell\v1.0\;C:\WINDOWS\System32\OpenSSH\C:\Program Files\Java\jdk-18\bin;c:\Program Files (x86)\Microsoft SQL Server\100\Tools\Binn\;c:\Program Files\Microsoft SQL Server\100\Tools\Binn\;c:\Program Files\Microsoft SQL Server\100\DTS\Binn\;C:\WINDOWS\System32\OpenSSH\;C:\Program Files\Java\apache-maven-3.9.6\bin;C:\Program Files\Git\cmd;C:\Users\user\Downloads\apache-maven-3.9.9-bin.tar.gz\apache-maven-3.9.9;C:\Program Files\nodejs\;C:\Users\user\AppData\Local\Microsoft\WindowsApps;C:\Users\user\AppData\Local\Programs\Microsoft VS Code\bin;C:\MinGW\bin;C:\Program Files\Java\apache-maven-3.9.6\bin;;C:\Program Files\JetBrains\PyCharm Community Edition 2022.2.2\bin;;C:\Users\user\AppData\Roaming\npm;C:\WINDOWS\System32;
USERNAME=user
OS=Windows_NT
PROCESSOR_IDENTIFIER=Intel64 Family 6 Model 126 Stepping 5, GenuineIntel



---------------  S Y S T E M  ---------------

OS:
 Windows 11 , 64 bit Build 26100 (10.0.26100.3575)
OS uptime: 3 days 1:18 hours
Hyper-V role detected

CPU: total 8 (initial active 8) (4 cores per cpu, 2 threads per core) family 6 model 126 stepping 5 microcode 0xc6, cx8, cmov, fxsr, ht, mmx, 3dnowpref, sse, sse2, sse3, ssse3, sse4.1, sse4.2, popcnt, lzcnt, tsc, tscinvbit, avx, avx2, aes, erms, clmul, bmi1, bmi2, adx, avx512f, avx512dq, avx512cd, avx512bw, avx512vl, sha, fma, vzeroupper, avx512_vpopcntdq, avx512_vpclmulqdq, avx512_vaes, avx512_vnni, clflush, clflushopt, avx512_vbmi2, avx512_vbmi, hv

Memory: 4k page, system-wide physical 7778M (1634M free)
TotalPageFile size 31330M (AvailPageFile size 39M)
current process WorkingSet (physical memory assigned to process): 160M, peak: 160M
current process commit charge ("private bytes"): 214M, peak: 261M

vm_info: Java HotSpot(TM) 64-Bit Server VM (18+36-2087) for windows-amd64 JRE (18+36-2087), built on Feb 15 2022 09:43:11 by "mach5one" with MS VC++ 16.8 / 16.9 (VS2019)

END.
