#
# There is insufficient memory for the Java Runtime Environment to continue.
# Native memory allocation (mmap) failed to map 10485760 bytes for G1 virtual space
# Possible reasons:
#   The system is out of physical RAM or swap space
#   The process is running with CompressedOops enabled, and the Java Heap may be blocking the growth of the native heap
# Possible solutions:
#   Reduce memory load on the system
#   Increase physical memory or swap space
#   Check if swap backing store is full
#   Decrease Java heap size (-Xmx/-Xms)
#   Decrease number of Java threads
#   Decrease Java thread stack sizes (-Xss)
#   Set larger code cache with -XX:ReservedCodeCacheSize=
#   JVM is running with Unscaled Compressed Oops mode in which the Java heap is
#     placed in the first 4GB address space. The Java Heap base address is the
#     maximum limit for the native heap growth. Please use -XX:HeapBaseMinAddress
#     to set the Java Heap base and to place the Java Heap above 4GB virtual address.
# This output file may be truncated or incomplete.
#
#  Out of Memory Error (os_windows.cpp:3530), pid=22044, tid=17476
#
# JRE version: Java(TM) SE Runtime Environment (18.0+36) (build 18+36-2087)
# Java VM: Java HotSpot(TM) 64-Bit Server VM (18+36-2087, mixed mode, sharing, tiered, compressed oops, compressed class ptrs, g1 gc, windows-amd64)
# No core dump will be written. Minidumps are not enabled by default on client versions of Windows
#

---------------  S U M M A R Y ------------

Command Line: -Dfile.encoding=windows-1252 -Dstdout.encoding=windows-1252 -Dstderr.encoding=windows-1252 --module-path=C:\Users\user\OneDrive\Desktop\Banking\bin;C:\Users\user\OneDrive\Desktop\Banking\jcalendar-tz-1.3.3-4.jar;C:\Users\user\OneDrive\Desktop\Banking\mysql-connector-java-8.0.28.jar -XX:+ShowCodeDetailsInExceptionMessages -Djdk.module.main=MyNewBank MyNewBank/bank.management.system.Deposit

Host: Intel(R) Core(TM) i5-1035G1 CPU @ 1.00GHz, 8 cores, 7G,  Windows 11 , 64 bit Build 26100 (10.0.26100.3575)
Time: Thu Apr  3 15:07:09 2025 India Standard Time elapsed time: 5.007613 seconds (0d 0h 0m 5s)

---------------  T H R E A D  ---------------

Current thread (0x000002824acd4370):  VMThread "VM Thread" [stack: 0x0000008deec00000,0x0000008deed00000] [id=17476]

Stack: [0x0000008deec00000,0x0000008deed00000]
Native frames: (J=compiled Java code, j=interpreted, Vv=VM code, C=native code)
V  [jvm.dll+0x69804a]
V  [jvm.dll+0x7f308d]
V  [jvm.dll+0x7f499e]
V  [jvm.dll+0x7f5053]
V  [jvm.dll+0x25ca3f]
V  [jvm.dll+0x694f99]
V  [jvm.dll+0x689aca]
V  [jvm.dll+0x321efb]
V  [jvm.dll+0x3298d6]
V  [jvm.dll+0x37e47e]
V  [jvm.dll+0x37e6af]
V  [jvm.dll+0x2f9c7a]
V  [jvm.dll+0x2fca76]
V  [jvm.dll+0x306ee5]
V  [jvm.dll+0x33bff0]
V  [jvm.dll+0x7f9e3b]
V  [jvm.dll+0x7fabd4]
V  [jvm.dll+0x7fb10c]
V  [jvm.dll+0x7fb564]
V  [jvm.dll+0x7fb627]
V  [jvm.dll+0x79fbba]
V  [jvm.dll+0x696ef5]
C  [ucrtbase.dll+0x37b0]
C  [KERNEL32.DLL+0x2e8d7]
C  [ntdll.dll+0xb14fc]

VM_Operation (0x0000008dee8ff490): G1Concurrent, mode: safepoint, requested by thread 0x000002824acb0aa0


---------------  P R O C E S S  ---------------

Threads class SMR info:
_java_thread_list=0x000002826e34a4c0, length=17, elements={
0x00000282692ee000, 0x00000282692ee9a0, 0x0000028269304700, 0x00000282693050a0,
0x0000028269305a40, 0x000002826930a400, 0x000002826931be30, 0x000002826931fb40,
0x0000028269321c20, 0x00000282692d96d0, 0x000002826d770d40, 0x000002826d889af0,
0x000002826d8095c0, 0x000002826d8b1e40, 0x000002826e355d60, 0x000002826e4a6f30,
0x000002824ac42f40
}

Java Threads: ( => current thread )
  0x00000282692ee000 JavaThread "Reference Handler" daemon [_thread_blocked, id=25540, stack(0x0000008deed00000,0x0000008deee00000)]
  0x00000282692ee9a0 JavaThread "Finalizer" daemon [_thread_blocked, id=24784, stack(0x0000008deee00000,0x0000008deef00000)]
  0x0000028269304700 JavaThread "Signal Dispatcher" daemon [_thread_blocked, id=19848, stack(0x0000008deef00000,0x0000008def000000)]
  0x00000282693050a0 JavaThread "Attach Listener" daemon [_thread_blocked, id=7672, stack(0x0000008def000000,0x0000008def100000)]
  0x0000028269305a40 JavaThread "Service Thread" daemon [_thread_blocked, id=17844, stack(0x0000008def100000,0x0000008def200000)]
  0x000002826930a400 JavaThread "Monitor Deflation Thread" daemon [_thread_blocked, id=25388, stack(0x0000008def200000,0x0000008def300000)]
  0x000002826931be30 JavaThread "C2 CompilerThread0" daemon [_thread_blocked, id=17536, stack(0x0000008def300000,0x0000008def400000)]
  0x000002826931fb40 JavaThread "C1 CompilerThread0" daemon [_thread_blocked, id=14596, stack(0x0000008def400000,0x0000008def500000)]
  0x0000028269321c20 JavaThread "Sweeper thread" daemon [_thread_blocked, id=19388, stack(0x0000008def500000,0x0000008def600000)]
  0x00000282692d96d0 JavaThread "Common-Cleaner" daemon [_thread_blocked, id=11020, stack(0x0000008def600000,0x0000008def700000)]
  0x000002826d770d40 JavaThread "Notification Thread" daemon [_thread_blocked, id=24392, stack(0x0000008def800000,0x0000008def900000)]
  0x000002826d889af0 JavaThread "Java2D Disposer" daemon [_thread_blocked, id=14532, stack(0x0000008defa00000,0x0000008defb00000)]
  0x000002826d8095c0 JavaThread "AWT-Windows" daemon [_thread_blocked, id=19756, stack(0x0000008defc00000,0x0000008defd00000)]
  0x000002826d8b1e40 JavaThread "Image Fetcher 0" daemon [_thread_blocked, id=20936, stack(0x0000008defd00000,0x0000008defe00000)]
  0x000002826e355d60 JavaThread "AWT-Shutdown" [_thread_blocked, id=20844, stack(0x0000008def700000,0x0000008def800000)]
  0x000002826e4a6f30 JavaThread "AWT-EventQueue-0" [_thread_blocked, id=12008, stack(0x0000008defb00000,0x0000008defc00000)]
  0x000002824ac42f40 JavaThread "DestroyJavaVM" [_thread_blocked, id=3248, stack(0x0000008dee600000,0x0000008dee700000)]

Other Threads:
=>0x000002824acd4370 VMThread "VM Thread" [stack: 0x0000008deec00000,0x0000008deed00000] [id=17476]
  0x000002824ac437f0 WatcherThread "VM Periodic Task Thread" [stack: 0x0000008def900000,0x0000008defa00000] [id=12660]
  0x000002824ac9f3c0 WorkerThread "GC Thread#0" [stack: 0x0000008dee700000,0x0000008dee800000] [id=14580]
  0x000002826e299e20 WorkerThread "GC Thread#1" [stack: 0x0000008defe00000,0x0000008deff00000] [id=5516]
  0x000002826d9045b0 WorkerThread "GC Thread#2" [stack: 0x0000008deff00000,0x0000008df0000000] [id=17928]
  0x000002826d904850 WorkerThread "GC Thread#3" [stack: 0x0000008df0000000,0x0000008df0100000] [id=10684]
  0x000002826e2b62a0 WorkerThread "GC Thread#4" [stack: 0x0000008df0100000,0x0000008df0200000] [id=23744]
  0x000002826e2b6540 WorkerThread "GC Thread#5" [stack: 0x0000008df0200000,0x0000008df0300000] [id=18640]
  0x000002826e2be7f0 WorkerThread "GC Thread#6" [stack: 0x0000008df0300000,0x0000008df0400000] [id=3116]
  0x000002826e2bea90 WorkerThread "GC Thread#7" [stack: 0x0000008df0400000,0x0000008df0500000] [id=10496]
  0x000002824acb0aa0 ConcurrentGCThread "G1 Main Marker" [stack: 0x0000008dee800000,0x0000008dee900000] [id=24388]
  0x000002824acb1490 WorkerThread "G1 Conc#0" [stack: 0x0000008dee900000,0x0000008deea00000] [id=13620]
  0x000002826e2b5ab0 WorkerThread "G1 Conc#1" [stack: 0x0000008df0500000,0x0000008df0600000] [id=16812]
  0x000002824acfe540 ConcurrentGCThread "G1 Refine#0" [stack: 0x0000008deea00000,0x0000008deeb00000] [id=16112]
  0x00000282691a2110 ConcurrentGCThread "G1 Service" [stack: 0x0000008deeb00000,0x0000008deec00000] [id=16888]

Threads with active compile tasks:

VM state: at safepoint (normal execution)

VM Mutex/Monitor currently owned by a thread:  ([mutex/lock_event])
[0x000002824ac42660] Threads_lock - owner thread: 0x000002824acd4370
[0x000002824ac40b60] Heap_lock - owner thread: 0x000002824acb0aa0

Heap address: 0x0000000086600000, size: 1946 MB, Compressed Oops mode: 32-bit

CDS archive(s) mapped at: [0x0000000800000000-0x0000000800ba0000-0x0000000800ba0000), size 12189696, SharedBaseAddress: 0x0000000800000000, ArchiveRelocationMode: 0.
Compressed class space mapped at: 0x0000000800c00000-0x0000000840c00000, reserved size: 1073741824
Narrow klass base: 0x0000000800000000, Narrow klass shift: 0, Narrow klass range: 0x100000000

GC Precious Log:
 CardTable entry size: 512
 Card Set container configuration: InlinePtr #cards 5 size 8 Array Of Cards #cards 12 size 40 Howl #buckets 4 coarsen threshold 1843 Howl Bitmap #cards 512 size 80 coarsen threshold 460 Card regions per heap region 1 cards per card region 2048
 CPUs: 8 total, 8 available
 Memory: 7778M
 Large Page Support: Disabled
 NUMA Support: Disabled
 Compressed Oops: Enabled (32-bit)
 Heap Region Size: 1M
 Heap Min Capacity: 8M
 Heap Initial Capacity: 122M
 Heap Max Capacity: 1946M
 Pre-touch: Disabled
 Parallel Workers: 8
 Concurrent Workers: 2
 Concurrent Refinement Workers: 8
 Periodic GC: Disabled

Heap:
 garbage-first heap   total 304128K, used 186155K [0x0000000086600000, 0x0000000100000000)
  region size 1024K, 2 young (2048K), 1 survivors (1024K)
 Metaspace       used 7564K, committed 7808K, reserved 1114112K
  class space    used 846K, committed 960K, reserved 1048576K

Heap Regions: E=young(eden), S=young(survivor), O=old, HS=humongous(starts), HC=humongous(continues), CS=collection set, F=free, OA=open archive, CA=closed archive, TAMS=top-at-mark-start (previous, next)
|   0|0x0000000086600000, 0x0000000086700000, 0x0000000086700000|100%|HS|  |TAMS 0x0000000086700000, 0x0000000086600000| Complete 
|   1|0x0000000086700000, 0x0000000086800000, 0x0000000086800000|100%|HC|  |TAMS 0x0000000086800000, 0x0000000086700000| Complete 
|   2|0x0000000086800000, 0x0000000086900000, 0x0000000086900000|100%|HC|  |TAMS 0x0000000086900000, 0x0000000086800000| Complete 
|   3|0x0000000086900000, 0x0000000086a00000, 0x0000000086a00000|100%|HC|  |TAMS 0x0000000086a00000, 0x0000000086900000| Complete 
|   4|0x0000000086a00000, 0x0000000086b00000, 0x0000000086b00000|100%|HC|  |TAMS 0x0000000086b00000, 0x0000000086a00000| Complete 
|   5|0x0000000086b00000, 0x0000000086c00000, 0x0000000086c00000|100%|HC|  |TAMS 0x0000000086c00000, 0x0000000086b00000| Complete 
|   6|0x0000000086c00000, 0x0000000086d00000, 0x0000000086d00000|100%|HC|  |TAMS 0x0000000086d00000, 0x0000000086c00000| Complete 
|   7|0x0000000086d00000, 0x0000000086e00000, 0x0000000086e00000|100%|HC|  |TAMS 0x0000000086e00000, 0x0000000086d00000| Complete 
|   8|0x0000000086e00000, 0x0000000086f00000, 0x0000000086f00000|100%|HC|  |TAMS 0x0000000086f00000, 0x0000000086e00000| Complete 
|   9|0x0000000086f00000, 0x0000000087000000, 0x0000000087000000|100%|HC|  |TAMS 0x0000000087000000, 0x0000000086f00000| Complete 
|  10|0x0000000087000000, 0x0000000087100000, 0x0000000087100000|100%|HC|  |TAMS 0x0000000087100000, 0x0000000087000000| Complete 
|  11|0x0000000087100000, 0x0000000087200000, 0x0000000087200000|100%|HC|  |TAMS 0x0000000087200000, 0x0000000087100000| Complete 
|  12|0x0000000087200000, 0x0000000087300000, 0x0000000087300000|100%|HC|  |TAMS 0x0000000087300000, 0x0000000087200000| Complete 
|  13|0x0000000087300000, 0x0000000087400000, 0x0000000087400000|100%|HC|  |TAMS 0x0000000087400000, 0x0000000087300000| Complete 
|  14|0x0000000087400000, 0x0000000087500000, 0x0000000087500000|100%|HC|  |TAMS 0x0000000087500000, 0x0000000087400000| Complete 
|  15|0x0000000087500000, 0x0000000087600000, 0x0000000087600000|100%|HC|  |TAMS 0x0000000087600000, 0x0000000087500000| Complete 
|  16|0x0000000087600000, 0x0000000087700000, 0x0000000087700000|100%|HC|  |TAMS 0x0000000087700000, 0x0000000087600000| Complete 
|  17|0x0000000087700000, 0x0000000087800000, 0x0000000087800000|100%|HC|  |TAMS 0x0000000087800000, 0x0000000087700000| Complete 
|  18|0x0000000087800000, 0x0000000087900000, 0x0000000087900000|100%|HC|  |TAMS 0x0000000087900000, 0x0000000087800000| Complete 
|  19|0x0000000087900000, 0x0000000087a00000, 0x0000000087a00000|100%|HC|  |TAMS 0x0000000087a00000, 0x0000000087900000| Complete 
|  20|0x0000000087a00000, 0x0000000087b00000, 0x0000000087b00000|100%|HC|  |TAMS 0x0000000087b00000, 0x0000000087a00000| Complete 
|  21|0x0000000087b00000, 0x0000000087c00000, 0x0000000087c00000|100%|HC|  |TAMS 0x0000000087c00000, 0x0000000087b00000| Complete 
|  22|0x0000000087c00000, 0x0000000087d00000, 0x0000000087d00000|100%|HC|  |TAMS 0x0000000087d00000, 0x0000000087c00000| Complete 
|  23|0x0000000087d00000, 0x0000000087e00000, 0x0000000087e00000|100%|HC|  |TAMS 0x0000000087e00000, 0x0000000087d00000| Complete 
|  24|0x0000000087e00000, 0x0000000087f00000, 0x0000000087f00000|100%|HC|  |TAMS 0x0000000087f00000, 0x0000000087e00000| Complete 
|  25|0x0000000087f00000, 0x0000000088000000, 0x0000000088000000|100%|HC|  |TAMS 0x0000000088000000, 0x0000000087f00000| Complete 
|  26|0x0000000088000000, 0x0000000088100000, 0x0000000088100000|100%|HC|  |TAMS 0x0000000088100000, 0x0000000088000000| Complete 
|  27|0x0000000088100000, 0x0000000088200000, 0x0000000088200000|100%|HC|  |TAMS 0x0000000088200000, 0x0000000088100000| Complete 
|  28|0x0000000088200000, 0x0000000088300000, 0x0000000088300000|100%|HC|  |TAMS 0x0000000088300000, 0x0000000088200000| Complete 
|  29|0x0000000088300000, 0x0000000088400000, 0x0000000088400000|100%|HC|  |TAMS 0x0000000088400000, 0x0000000088300000| Complete 
|  30|0x0000000088400000, 0x0000000088500000, 0x0000000088500000|100%|HC|  |TAMS 0x0000000088500000, 0x0000000088400000| Complete 
|  31|0x0000000088500000, 0x0000000088600000, 0x0000000088600000|100%|HC|  |TAMS 0x0000000088600000, 0x0000000088500000| Complete 
|  32|0x0000000088600000, 0x0000000088700000, 0x0000000088700000|100%|HC|  |TAMS 0x0000000088700000, 0x0000000088600000| Complete 
|  33|0x0000000088700000, 0x0000000088800000, 0x0000000088800000|100%|HC|  |TAMS 0x0000000088800000, 0x0000000088700000| Complete 
|  34|0x0000000088800000, 0x0000000088900000, 0x0000000088900000|100%|HC|  |TAMS 0x0000000088900000, 0x0000000088800000| Complete 
|  35|0x0000000088900000, 0x0000000088a00000, 0x0000000088a00000|100%|HC|  |TAMS 0x0000000088a00000, 0x0000000088900000| Complete 
|  36|0x0000000088a00000, 0x0000000088b00000, 0x0000000088b00000|100%|HC|  |TAMS 0x0000000088b00000, 0x0000000088a00000| Complete 
|  37|0x0000000088b00000, 0x0000000088c00000, 0x0000000088c00000|100%|HC|  |TAMS 0x0000000088c00000, 0x0000000088b00000| Complete 
|  38|0x0000000088c00000, 0x0000000088d00000, 0x0000000088d00000|100%|HC|  |TAMS 0x0000000088d00000, 0x0000000088c00000| Complete 
|  39|0x0000000088d00000, 0x0000000088e00000, 0x0000000088e00000|100%|HC|  |TAMS 0x0000000088e00000, 0x0000000088d00000| Complete 
|  40|0x0000000088e00000, 0x0000000088f00000, 0x0000000088f00000|100%|HC|  |TAMS 0x0000000088f00000, 0x0000000088e00000| Complete 
|  41|0x0000000088f00000, 0x0000000089000000, 0x0000000089000000|100%|HC|  |TAMS 0x0000000089000000, 0x0000000088f00000| Complete 
|  42|0x0000000089000000, 0x0000000089100000, 0x0000000089100000|100%|HC|  |TAMS 0x0000000089100000, 0x0000000089000000| Complete 
|  43|0x0000000089100000, 0x0000000089200000, 0x0000000089200000|100%|HC|  |TAMS 0x0000000089200000, 0x0000000089100000| Complete 
|  44|0x0000000089200000, 0x0000000089300000, 0x0000000089300000|100%|HC|  |TAMS 0x0000000089300000, 0x0000000089200000| Complete 
|  45|0x0000000089300000, 0x0000000089400000, 0x0000000089400000|100%|HC|  |TAMS 0x0000000089400000, 0x0000000089300000| Complete 
|  46|0x0000000089400000, 0x0000000089500000, 0x0000000089500000|100%|HC|  |TAMS 0x0000000089500000, 0x0000000089400000| Complete 
|  47|0x0000000089500000, 0x0000000089600000, 0x0000000089600000|100%|HC|  |TAMS 0x0000000089600000, 0x0000000089500000| Complete 
|  48|0x0000000089600000, 0x0000000089700000, 0x0000000089700000|100%|HC|  |TAMS 0x0000000089700000, 0x0000000089600000| Complete 
|  49|0x0000000089700000, 0x0000000089800000, 0x0000000089800000|100%|HC|  |TAMS 0x0000000089800000, 0x0000000089700000| Complete 
|  50|0x0000000089800000, 0x0000000089900000, 0x0000000089900000|100%|HC|  |TAMS 0x0000000089900000, 0x0000000089800000| Complete 
|  51|0x0000000089900000, 0x0000000089a00000, 0x0000000089a00000|100%|HC|  |TAMS 0x0000000089a00000, 0x0000000089900000| Complete 
|  52|0x0000000089a00000, 0x0000000089b00000, 0x0000000089b00000|100%|HC|  |TAMS 0x0000000089b00000, 0x0000000089a00000| Complete 
|  53|0x0000000089b00000, 0x0000000089c00000, 0x0000000089c00000|100%|HC|  |TAMS 0x0000000089c00000, 0x0000000089b00000| Complete 
|  54|0x0000000089c00000, 0x0000000089d00000, 0x0000000089d00000|100%|HC|  |TAMS 0x0000000089d00000, 0x0000000089c00000| Complete 
|  55|0x0000000089d00000, 0x0000000089e00000, 0x0000000089e00000|100%|HC|  |TAMS 0x0000000089e00000, 0x0000000089d00000| Complete 
|  56|0x0000000089e00000, 0x0000000089f00000, 0x0000000089f00000|100%|HC|  |TAMS 0x0000000089f00000, 0x0000000089e00000| Complete 
|  57|0x0000000089f00000, 0x000000008a000000, 0x000000008a000000|100%|HC|  |TAMS 0x000000008a000000, 0x0000000089f00000| Complete 
|  58|0x000000008a000000, 0x000000008a100000, 0x000000008a100000|100%|HC|  |TAMS 0x000000008a100000, 0x000000008a000000| Complete 
|  59|0x000000008a100000, 0x000000008a200000, 0x000000008a200000|100%|HC|  |TAMS 0x000000008a200000, 0x000000008a100000| Complete 
|  60|0x000000008a200000, 0x000000008a300000, 0x000000008a300000|100%|HC|  |TAMS 0x000000008a300000, 0x000000008a200000| Complete 
|  61|0x000000008a300000, 0x000000008a400000, 0x000000008a400000|100%|HC|  |TAMS 0x000000008a400000, 0x000000008a300000| Complete 
|  62|0x000000008a400000, 0x000000008a500000, 0x000000008a500000|100%|HC|  |TAMS 0x000000008a500000, 0x000000008a400000| Complete 
|  63|0x000000008a500000, 0x000000008a600000, 0x000000008a600000|100%|HC|  |TAMS 0x000000008a600000, 0x000000008a500000| Complete 
|  64|0x000000008a600000, 0x000000008a700000, 0x000000008a700000|100%|HC|  |TAMS 0x000000008a700000, 0x000000008a600000| Complete 
|  65|0x000000008a700000, 0x000000008a800000, 0x000000008a800000|100%|HC|  |TAMS 0x000000008a800000, 0x000000008a700000| Complete 
|  66|0x000000008a800000, 0x000000008a900000, 0x000000008a900000|100%|HC|  |TAMS 0x000000008a900000, 0x000000008a800000| Complete 
|  67|0x000000008a900000, 0x000000008aa00000, 0x000000008aa00000|100%|HC|  |TAMS 0x000000008aa00000, 0x000000008a900000| Complete 
|  68|0x000000008aa00000, 0x000000008ab00000, 0x000000008ab00000|100%|HC|  |TAMS 0x000000008ab00000, 0x000000008aa00000| Complete 
|  69|0x000000008ab00000, 0x000000008ac00000, 0x000000008ac00000|100%|HC|  |TAMS 0x000000008ac00000, 0x000000008ab00000| Complete 
|  70|0x000000008ac00000, 0x000000008ad00000, 0x000000008ad00000|100%|HC|  |TAMS 0x000000008ad00000, 0x000000008ac00000| Complete 
|  71|0x000000008ad00000, 0x000000008ae00000, 0x000000008ae00000|100%|HC|  |TAMS 0x000000008ae00000, 0x000000008ad00000| Complete 
|  72|0x000000008ae00000, 0x000000008af00000, 0x000000008af00000|100%|HC|  |TAMS 0x000000008af00000, 0x000000008ae00000| Complete 
|  73|0x000000008af00000, 0x000000008b000000, 0x000000008b000000|100%|HC|  |TAMS 0x000000008b000000, 0x000000008af00000| Complete 
|  74|0x000000008b000000, 0x000000008b100000, 0x000000008b100000|100%|HC|  |TAMS 0x000000008b100000, 0x000000008b000000| Complete 
|  75|0x000000008b100000, 0x000000008b200000, 0x000000008b200000|100%|HC|  |TAMS 0x000000008b200000, 0x000000008b100000| Complete 
|  76|0x000000008b200000, 0x000000008b300000, 0x000000008b300000|100%|HC|  |TAMS 0x000000008b300000, 0x000000008b200000| Complete 
|  77|0x000000008b300000, 0x000000008b400000, 0x000000008b400000|100%|HC|  |TAMS 0x000000008b400000, 0x000000008b300000| Complete 
|  78|0x000000008b400000, 0x000000008b500000, 0x000000008b500000|100%|HC|  |TAMS 0x000000008b500000, 0x000000008b400000| Complete 
|  79|0x000000008b500000, 0x000000008b600000, 0x000000008b600000|100%|HC|  |TAMS 0x000000008b600000, 0x000000008b500000| Complete 
|  80|0x000000008b600000, 0x000000008b700000, 0x000000008b700000|100%|HC|  |TAMS 0x000000008b700000, 0x000000008b600000| Complete 
|  81|0x000000008b700000, 0x000000008b800000, 0x000000008b800000|100%|HC|  |TAMS 0x000000008b800000, 0x000000008b700000| Complete 
|  82|0x000000008b800000, 0x000000008b900000, 0x000000008b900000|100%|HC|  |TAMS 0x000000008b900000, 0x000000008b800000| Complete 
|  83|0x000000008b900000, 0x000000008ba00000, 0x000000008ba00000|100%|HC|  |TAMS 0x000000008ba00000, 0x000000008b900000| Complete 
|  84|0x000000008ba00000, 0x000000008bb00000, 0x000000008bb00000|100%|HC|  |TAMS 0x000000008bb00000, 0x000000008ba00000| Complete 
|  85|0x000000008bb00000, 0x000000008bc00000, 0x000000008bc00000|100%|HC|  |TAMS 0x000000008bc00000, 0x000000008bb00000| Complete 
|  86|0x000000008bc00000, 0x000000008bd00000, 0x000000008bd00000|100%|HC|  |TAMS 0x000000008bd00000, 0x000000008bc00000| Complete 
|  87|0x000000008bd00000, 0x000000008be00000, 0x000000008be00000|100%|HC|  |TAMS 0x000000008be00000, 0x000000008bd00000| Complete 
|  88|0x000000008be00000, 0x000000008bf00000, 0x000000008bf00000|100%|HC|  |TAMS 0x000000008bf00000, 0x000000008be00000| Complete 
|  89|0x000000008bf00000, 0x000000008c000000, 0x000000008c000000|100%|HC|  |TAMS 0x000000008c000000, 0x000000008bf00000| Complete 
|  90|0x000000008c000000, 0x000000008c100000, 0x000000008c100000|100%|HC|  |TAMS 0x000000008c100000, 0x000000008c000000| Complete 
|  91|0x000000008c100000, 0x000000008c200000, 0x000000008c200000|100%|HC|  |TAMS 0x000000008c200000, 0x000000008c100000| Complete 
|  92|0x000000008c200000, 0x000000008c300000, 0x000000008c300000|100%|HC|  |TAMS 0x000000008c300000, 0x000000008c200000| Complete 
|  93|0x000000008c300000, 0x000000008c400000, 0x000000008c400000|100%|HC|  |TAMS 0x000000008c400000, 0x000000008c300000| Complete 
|  94|0x000000008c400000, 0x000000008c500000, 0x000000008c500000|100%|HC|  |TAMS 0x000000008c500000, 0x000000008c400000| Complete 
|  95|0x000000008c500000, 0x000000008c600000, 0x000000008c600000|100%|HC|  |TAMS 0x000000008c600000, 0x000000008c500000| Complete 
|  96|0x000000008c600000, 0x000000008c700000, 0x000000008c700000|100%| O|  |TAMS 0x000000008c700000, 0x000000008c600000| Untracked 
|  97|0x000000008c700000, 0x000000008c800000, 0x000000008c800000|100%| O|  |TAMS 0x000000008c800000, 0x000000008c700000| Untracked 
|  98|0x000000008c800000, 0x000000008c877600, 0x000000008c900000| 46%| O|  |TAMS 0x000000008c877600, 0x000000008c800000| Updating 
|  99|0x000000008c900000, 0x000000008ca00000, 0x000000008ca00000|100%|HS|  |TAMS 0x000000008ca00000, 0x000000008c900000| Complete 
| 100|0x000000008ca00000, 0x000000008cb00000, 0x000000008cb00000|100%|HC|  |TAMS 0x000000008cb00000, 0x000000008ca00000| Complete 
| 101|0x000000008cb00000, 0x000000008cc00000, 0x000000008cc00000|100%|HS|  |TAMS 0x000000008cc00000, 0x000000008cb00000| Complete 
| 102|0x000000008cc00000, 0x000000008cd00000, 0x000000008cd00000|100%|HC|  |TAMS 0x000000008cd00000, 0x000000008cc00000| Complete 
| 103|0x000000008cd00000, 0x000000008ce00000, 0x000000008ce00000|100%|HC|  |TAMS 0x000000008ce00000, 0x000000008cd00000| Complete 
| 104|0x000000008ce00000, 0x000000008cf00000, 0x000000008cf00000|100%|HC|  |TAMS 0x000000008cf00000, 0x000000008ce00000| Complete 
| 105|0x000000008cf00000, 0x000000008d000000, 0x000000008d000000|100%|HC|  |TAMS 0x000000008d000000, 0x000000008cf00000| Complete 
| 106|0x000000008d000000, 0x000000008d100000, 0x000000008d100000|100%|HC|  |TAMS 0x000000008d100000, 0x000000008d000000| Complete 
| 107|0x000000008d100000, 0x000000008d200000, 0x000000008d200000|100%|HC|  |TAMS 0x000000008d200000, 0x000000008d100000| Complete 
| 108|0x000000008d200000, 0x000000008d300000, 0x000000008d300000|100%|HC|  |TAMS 0x000000008d300000, 0x000000008d200000| Complete 
| 109|0x000000008d300000, 0x000000008d400000, 0x000000008d400000|100%|HC|  |TAMS 0x000000008d400000, 0x000000008d300000| Complete 
| 110|0x000000008d400000, 0x000000008d500000, 0x000000008d500000|100%|HC|  |TAMS 0x000000008d500000, 0x000000008d400000| Complete 
| 111|0x000000008d500000, 0x000000008d600000, 0x000000008d600000|100%|HC|  |TAMS 0x000000008d600000, 0x000000008d500000| Complete 
| 112|0x000000008d600000, 0x000000008d700000, 0x000000008d700000|100%|HC|  |TAMS 0x000000008d700000, 0x000000008d600000| Complete 
| 113|0x000000008d700000, 0x000000008d800000, 0x000000008d800000|100%|HC|  |TAMS 0x000000008d800000, 0x000000008d700000| Complete 
| 114|0x000000008d800000, 0x000000008d900000, 0x000000008d900000|100%|HC|  |TAMS 0x000000008d900000, 0x000000008d800000| Complete 
| 115|0x000000008d900000, 0x000000008da00000, 0x000000008da00000|100%|HC|  |TAMS 0x000000008da00000, 0x000000008d900000| Complete 
| 116|0x000000008da00000, 0x000000008db00000, 0x000000008db00000|100%|HC|  |TAMS 0x000000008db00000, 0x000000008da00000| Complete 
| 117|0x000000008db00000, 0x000000008dc00000, 0x000000008dc00000|100%|HC|  |TAMS 0x000000008dc00000, 0x000000008db00000| Complete 
| 118|0x000000008dc00000, 0x000000008dd00000, 0x000000008dd00000|100%|HC|  |TAMS 0x000000008dd00000, 0x000000008dc00000| Complete 
| 119|0x000000008dd00000, 0x000000008de00000, 0x000000008de00000|100%|HC|  |TAMS 0x000000008de00000, 0x000000008dd00000| Complete 
| 120|0x000000008de00000, 0x000000008df00000, 0x000000008df00000|100%|HC|  |TAMS 0x000000008df00000, 0x000000008de00000| Complete 
| 121|0x000000008df00000, 0x000000008e000000, 0x000000008e000000|100%|HC|  |TAMS 0x000000008e000000, 0x000000008df00000| Complete 
| 122|0x000000008e000000, 0x000000008e100000, 0x000000008e100000|100%|HC|  |TAMS 0x000000008e100000, 0x000000008e000000| Complete 
| 123|0x000000008e100000, 0x000000008e200000, 0x000000008e200000|100%|HC|  |TAMS 0x000000008e200000, 0x000000008e100000| Complete 
| 124|0x000000008e200000, 0x000000008e300000, 0x000000008e300000|100%|HC|  |TAMS 0x000000008e300000, 0x000000008e200000| Complete 
| 125|0x000000008e300000, 0x000000008e400000, 0x000000008e400000|100%|HC|  |TAMS 0x000000008e400000, 0x000000008e300000| Complete 
| 126|0x000000008e400000, 0x000000008e500000, 0x000000008e500000|100%|HC|  |TAMS 0x000000008e500000, 0x000000008e400000| Complete 
| 127|0x000000008e500000, 0x000000008e600000, 0x000000008e600000|100%|HC|  |TAMS 0x000000008e600000, 0x000000008e500000| Complete 
| 128|0x000000008e600000, 0x000000008e700000, 0x000000008e700000|100%|HC|  |TAMS 0x000000008e700000, 0x000000008e600000| Complete 
| 129|0x000000008e700000, 0x000000008e800000, 0x000000008e800000|100%|HC|  |TAMS 0x000000008e800000, 0x000000008e700000| Complete 
| 130|0x000000008e800000, 0x000000008e900000, 0x000000008e900000|100%|HC|  |TAMS 0x000000008e900000, 0x000000008e800000| Complete 
| 131|0x000000008e900000, 0x000000008ea00000, 0x000000008ea00000|100%|HC|  |TAMS 0x000000008ea00000, 0x000000008e900000| Complete 
| 132|0x000000008ea00000, 0x000000008eb00000, 0x000000008eb00000|100%|HC|  |TAMS 0x000000008eb00000, 0x000000008ea00000| Complete 
| 133|0x000000008eb00000, 0x000000008ec00000, 0x000000008ec00000|100%|HC|  |TAMS 0x000000008ec00000, 0x000000008eb00000| Complete 
| 134|0x000000008ec00000, 0x000000008ed00000, 0x000000008ed00000|100%|HC|  |TAMS 0x000000008ed00000, 0x000000008ec00000| Complete 
| 135|0x000000008ed00000, 0x000000008ee00000, 0x000000008ee00000|100%|HC|  |TAMS 0x000000008ee00000, 0x000000008ed00000| Complete 
| 136|0x000000008ee00000, 0x000000008ef00000, 0x000000008ef00000|100%|HC|  |TAMS 0x000000008ef00000, 0x000000008ee00000| Complete 
| 137|0x000000008ef00000, 0x000000008f000000, 0x000000008f000000|100%|HC|  |TAMS 0x000000008f000000, 0x000000008ef00000| Complete 
| 138|0x000000008f000000, 0x000000008f100000, 0x000000008f100000|100%|HC|  |TAMS 0x000000008f100000, 0x000000008f000000| Complete 
| 139|0x000000008f100000, 0x000000008f200000, 0x000000008f200000|100%|HC|  |TAMS 0x000000008f200000, 0x000000008f100000| Complete 
| 140|0x000000008f200000, 0x000000008f300000, 0x000000008f300000|100%|HC|  |TAMS 0x000000008f300000, 0x000000008f200000| Complete 
| 141|0x000000008f300000, 0x000000008f400000, 0x000000008f400000|100%|HC|  |TAMS 0x000000008f400000, 0x000000008f300000| Complete 
| 142|0x000000008f400000, 0x000000008f500000, 0x000000008f500000|100%|HC|  |TAMS 0x000000008f500000, 0x000000008f400000| Complete 
| 143|0x000000008f500000, 0x000000008f600000, 0x000000008f600000|100%|HC|  |TAMS 0x000000008f600000, 0x000000008f500000| Complete 
| 144|0x000000008f600000, 0x000000008f700000, 0x000000008f700000|100%|HC|  |TAMS 0x000000008f700000, 0x000000008f600000| Complete 
| 145|0x000000008f700000, 0x000000008f800000, 0x000000008f800000|100%|HC|  |TAMS 0x000000008f800000, 0x000000008f700000| Complete 
| 146|0x000000008f800000, 0x000000008f900000, 0x000000008f900000|100%|HC|  |TAMS 0x000000008f900000, 0x000000008f800000| Complete 
| 147|0x000000008f900000, 0x000000008fa00000, 0x000000008fa00000|100%|HC|  |TAMS 0x000000008fa00000, 0x000000008f900000| Complete 
| 148|0x000000008fa00000, 0x000000008fb00000, 0x000000008fb00000|100%|HC|  |TAMS 0x000000008fb00000, 0x000000008fa00000| Complete 
| 149|0x000000008fb00000, 0x000000008fc00000, 0x000000008fc00000|100%|HC|  |TAMS 0x000000008fc00000, 0x000000008fb00000| Complete 
| 150|0x000000008fc00000, 0x000000008fd00000, 0x000000008fd00000|100%|HC|  |TAMS 0x000000008fd00000, 0x000000008fc00000| Complete 
| 151|0x000000008fd00000, 0x000000008fe00000, 0x000000008fe00000|100%|HC|  |TAMS 0x000000008fe00000, 0x000000008fd00000| Complete 
| 152|0x000000008fe00000, 0x000000008ff00000, 0x000000008ff00000|100%|HC|  |TAMS 0x000000008ff00000, 0x000000008fe00000| Complete 
| 153|0x000000008ff00000, 0x0000000090000000, 0x0000000090000000|100%|HC|  |TAMS 0x0000000090000000, 0x000000008ff00000| Complete 
| 154|0x0000000090000000, 0x0000000090100000, 0x0000000090100000|100%|HC|  |TAMS 0x0000000090100000, 0x0000000090000000| Complete 
| 155|0x0000000090100000, 0x0000000090200000, 0x0000000090200000|100%|HC|  |TAMS 0x0000000090200000, 0x0000000090100000| Complete 
| 156|0x0000000090200000, 0x0000000090300000, 0x0000000090300000|100%|HC|  |TAMS 0x0000000090300000, 0x0000000090200000| Complete 
| 157|0x0000000090300000, 0x0000000090400000, 0x0000000090400000|100%|HC|  |TAMS 0x0000000090400000, 0x0000000090300000| Complete 
| 158|0x0000000090400000, 0x0000000090500000, 0x0000000090500000|100%|HC|  |TAMS 0x0000000090500000, 0x0000000090400000| Complete 
| 159|0x0000000090500000, 0x0000000090600000, 0x0000000090600000|100%|HC|  |TAMS 0x0000000090600000, 0x0000000090500000| Complete 
| 160|0x0000000090600000, 0x0000000090700000, 0x0000000090700000|100%|HC|  |TAMS 0x0000000090700000, 0x0000000090600000| Complete 
| 161|0x0000000090700000, 0x0000000090800000, 0x0000000090800000|100%|HC|  |TAMS 0x0000000090800000, 0x0000000090700000| Complete 
| 162|0x0000000090800000, 0x0000000090900000, 0x0000000090900000|100%|HC|  |TAMS 0x0000000090900000, 0x0000000090800000| Complete 
| 163|0x0000000090900000, 0x0000000090a00000, 0x0000000090a00000|100%|HC|  |TAMS 0x0000000090a00000, 0x0000000090900000| Complete 
| 164|0x0000000090a00000, 0x0000000090b00000, 0x0000000090b00000|100%|HC|  |TAMS 0x0000000090b00000, 0x0000000090a00000| Complete 
| 165|0x0000000090b00000, 0x0000000090c00000, 0x0000000090c00000|100%|HC|  |TAMS 0x0000000090c00000, 0x0000000090b00000| Complete 
| 166|0x0000000090c00000, 0x0000000090d00000, 0x0000000090d00000|100%|HC|  |TAMS 0x0000000090d00000, 0x0000000090c00000| Complete 
| 167|0x0000000090d00000, 0x0000000090e00000, 0x0000000090e00000|100%|HC|  |TAMS 0x0000000090e00000, 0x0000000090d00000| Complete 
| 168|0x0000000090e00000, 0x0000000090f00000, 0x0000000090f00000|100%|HC|  |TAMS 0x0000000090f00000, 0x0000000090e00000| Complete 
| 169|0x0000000090f00000, 0x0000000091000000, 0x0000000091000000|100%|HS|  |TAMS 0x0000000091000000, 0x0000000090f00000| Complete 
| 170|0x0000000091000000, 0x0000000091100000, 0x0000000091100000|100%|HC|  |TAMS 0x0000000091100000, 0x0000000091000000| Complete 
| 171|0x0000000091100000, 0x0000000091200000, 0x0000000091200000|100%|HC|  |TAMS 0x0000000091200000, 0x0000000091100000| Complete 
| 172|0x0000000091200000, 0x0000000091300000, 0x0000000091300000|100%|HC|  |TAMS 0x0000000091300000, 0x0000000091200000| Complete 
| 173|0x0000000091300000, 0x0000000091400000, 0x0000000091400000|100%|HC|  |TAMS 0x0000000091400000, 0x0000000091300000| Complete 
| 174|0x0000000091400000, 0x0000000091500000, 0x0000000091500000|100%|HC|  |TAMS 0x0000000091500000, 0x0000000091400000| Complete 
| 175|0x0000000091500000, 0x0000000091600000, 0x0000000091600000|100%|HC|  |TAMS 0x0000000091600000, 0x0000000091500000| Complete 
| 176|0x0000000091600000, 0x0000000091700000, 0x0000000091700000|100%|HS|  |TAMS 0x0000000091600000, 0x0000000091600000| Complete 
| 177|0x0000000091700000, 0x0000000091800000, 0x0000000091800000|100%|HC|  |TAMS 0x0000000091700000, 0x0000000091700000| Complete 
| 178|0x0000000091800000, 0x0000000091900000, 0x0000000091900000|100%|HC|  |TAMS 0x0000000091800000, 0x0000000091800000| Complete 
| 179|0x0000000091900000, 0x0000000091a00000, 0x0000000091a00000|100%|HC|  |TAMS 0x0000000091900000, 0x0000000091900000| Complete 
| 180|0x0000000091a00000, 0x0000000091b00000, 0x0000000091b00000|100%|HC|  |TAMS 0x0000000091a00000, 0x0000000091a00000| Complete 
| 181|0x0000000091b00000, 0x0000000091c00000, 0x0000000091c00000|100%|HC|  |TAMS 0x0000000091b00000, 0x0000000091b00000| Complete 
| 182|0x0000000091c00000, 0x0000000091c00000, 0x0000000091d00000|  0%| F|  |TAMS 0x0000000091c00000, 0x0000000091c00000| Untracked 
| 183|0x0000000091d00000, 0x0000000091d00000, 0x0000000091e00000|  0%| F|  |TAMS 0x0000000091d00000, 0x0000000091d00000| Untracked 
| 184|0x0000000091e00000, 0x0000000091e00000, 0x0000000091f00000|  0%| F|  |TAMS 0x0000000091e00000, 0x0000000091e00000| Untracked 
| 185|0x0000000091f00000, 0x0000000091f00000, 0x0000000092000000|  0%| F|  |TAMS 0x0000000091f00000, 0x0000000091f00000| Untracked 
| 186|0x0000000092000000, 0x0000000092000000, 0x0000000092100000|  0%| F|  |TAMS 0x0000000092000000, 0x0000000092000000| Untracked 
| 187|0x0000000092100000, 0x0000000092100000, 0x0000000092200000|  0%| F|  |TAMS 0x0000000092100000, 0x0000000092100000| Untracked 
| 188|0x0000000092200000, 0x0000000092200000, 0x0000000092300000|  0%| F|  |TAMS 0x0000000092200000, 0x0000000092200000| Untracked 
| 189|0x0000000092300000, 0x0000000092300000, 0x0000000092400000|  0%| F|  |TAMS 0x0000000092300000, 0x0000000092300000| Untracked 
| 190|0x0000000092400000, 0x0000000092400000, 0x0000000092500000|  0%| F|  |TAMS 0x0000000092400000, 0x0000000092400000| Untracked 
| 191|0x0000000092500000, 0x0000000092500000, 0x0000000092600000|  0%| F|  |TAMS 0x0000000092500000, 0x0000000092500000| Untracked 
| 192|0x0000000092600000, 0x0000000092600000, 0x0000000092700000|  0%| F|  |TAMS 0x0000000092600000, 0x0000000092600000| Untracked 
| 193|0x0000000092700000, 0x0000000092700000, 0x0000000092800000|  0%| F|  |TAMS 0x0000000092700000, 0x0000000092700000| Untracked 
| 194|0x0000000092800000, 0x0000000092800000, 0x0000000092900000|  0%| F|  |TAMS 0x0000000092800000, 0x0000000092800000| Untracked 
| 195|0x0000000092900000, 0x0000000092900000, 0x0000000092a00000|  0%| F|  |TAMS 0x0000000092900000, 0x0000000092900000| Untracked 
| 196|0x0000000092a00000, 0x0000000092a00000, 0x0000000092b00000|  0%| F|  |TAMS 0x0000000092a00000, 0x0000000092a00000| Untracked 
| 197|0x0000000092b00000, 0x0000000092b00000, 0x0000000092c00000|  0%| F|  |TAMS 0x0000000092b00000, 0x0000000092b00000| Untracked 
| 198|0x0000000092c00000, 0x0000000092c00000, 0x0000000092d00000|  0%| F|  |TAMS 0x0000000092c00000, 0x0000000092c00000| Untracked 
| 199|0x0000000092d00000, 0x0000000092d00000, 0x0000000092e00000|  0%| F|  |TAMS 0x0000000092d00000, 0x0000000092d00000| Untracked 
| 200|0x0000000092e00000, 0x0000000092e00000, 0x0000000092f00000|  0%| F|  |TAMS 0x0000000092e00000, 0x0000000092e00000| Untracked 
| 201|0x0000000092f00000, 0x0000000092f00000, 0x0000000093000000|  0%| F|  |TAMS 0x0000000092f00000, 0x0000000092f00000| Untracked 
| 202|0x0000000093000000, 0x0000000093000000, 0x0000000093100000|  0%| F|  |TAMS 0x0000000093000000, 0x0000000093000000| Untracked 
| 203|0x0000000093100000, 0x0000000093100000, 0x0000000093200000|  0%| F|  |TAMS 0x0000000093100000, 0x0000000093100000| Untracked 
| 204|0x0000000093200000, 0x0000000093200000, 0x0000000093300000|  0%| F|  |TAMS 0x0000000093200000, 0x0000000093200000| Untracked 
| 205|0x0000000093300000, 0x0000000093300000, 0x0000000093400000|  0%| F|  |TAMS 0x0000000093300000, 0x0000000093300000| Untracked 
| 206|0x0000000093400000, 0x0000000093400000, 0x0000000093500000|  0%| F|  |TAMS 0x0000000093400000, 0x0000000093400000| Untracked 
| 207|0x0000000093500000, 0x0000000093500000, 0x0000000093600000|  0%| F|  |TAMS 0x0000000093500000, 0x0000000093500000| Untracked 
| 208|0x0000000093600000, 0x0000000093600000, 0x0000000093700000|  0%| F|  |TAMS 0x0000000093600000, 0x0000000093600000| Untracked 
| 209|0x0000000093700000, 0x0000000093700000, 0x0000000093800000|  0%| F|  |TAMS 0x0000000093700000, 0x0000000093700000| Untracked 
| 210|0x0000000093800000, 0x0000000093800000, 0x0000000093900000|  0%| F|  |TAMS 0x0000000093800000, 0x0000000093800000| Untracked 
| 211|0x0000000093900000, 0x0000000093900000, 0x0000000093a00000|  0%| F|  |TAMS 0x0000000093900000, 0x0000000093900000| Untracked 
| 212|0x0000000093a00000, 0x0000000093a00000, 0x0000000093b00000|  0%| F|  |TAMS 0x0000000093a00000, 0x0000000093a00000| Untracked 
| 213|0x0000000093b00000, 0x0000000093b00000, 0x0000000093c00000|  0%| F|  |TAMS 0x0000000093b00000, 0x0000000093b00000| Untracked 
| 214|0x0000000093c00000, 0x0000000093c00000, 0x0000000093d00000|  0%| F|  |TAMS 0x0000000093c00000, 0x0000000093c00000| Untracked 
| 215|0x0000000093d00000, 0x0000000093d00000, 0x0000000093e00000|  0%| F|  |TAMS 0x0000000093d00000, 0x0000000093d00000| Untracked 
| 216|0x0000000093e00000, 0x0000000093e00000, 0x0000000093f00000|  0%| F|  |TAMS 0x0000000093e00000, 0x0000000093e00000| Untracked 
| 217|0x0000000093f00000, 0x0000000093f00000, 0x0000000094000000|  0%| F|  |TAMS 0x0000000093f00000, 0x0000000093f00000| Untracked 
| 218|0x0000000094000000, 0x0000000094000000, 0x0000000094100000|  0%| F|  |TAMS 0x0000000094000000, 0x0000000094000000| Untracked 
| 219|0x0000000094100000, 0x0000000094100000, 0x0000000094200000|  0%| F|  |TAMS 0x0000000094100000, 0x0000000094100000| Untracked 
| 220|0x0000000094200000, 0x0000000094200000, 0x0000000094300000|  0%| F|  |TAMS 0x0000000094200000, 0x0000000094200000| Untracked 
| 221|0x0000000094300000, 0x0000000094300000, 0x0000000094400000|  0%| F|  |TAMS 0x0000000094300000, 0x0000000094300000| Untracked 
| 222|0x0000000094400000, 0x0000000094400000, 0x0000000094500000|  0%| F|  |TAMS 0x0000000094400000, 0x0000000094400000| Untracked 
| 223|0x0000000094500000, 0x0000000094500000, 0x0000000094600000|  0%| F|  |TAMS 0x0000000094500000, 0x0000000094500000| Untracked 
| 224|0x0000000094600000, 0x0000000094600000, 0x0000000094700000|  0%| F|  |TAMS 0x0000000094600000, 0x0000000094600000| Untracked 
| 225|0x0000000094700000, 0x0000000094700000, 0x0000000094800000|  0%| F|  |TAMS 0x0000000094700000, 0x0000000094700000| Untracked 
| 226|0x0000000094800000, 0x0000000094800000, 0x0000000094900000|  0%| F|  |TAMS 0x0000000094800000, 0x0000000094800000| Untracked 
| 227|0x0000000094900000, 0x0000000094900000, 0x0000000094a00000|  0%| F|  |TAMS 0x0000000094900000, 0x0000000094900000| Untracked 
| 228|0x0000000094a00000, 0x0000000094a00000, 0x0000000094b00000|  0%| F|  |TAMS 0x0000000094a00000, 0x0000000094a00000| Untracked 
| 229|0x0000000094b00000, 0x0000000094b00000, 0x0000000094c00000|  0%| F|  |TAMS 0x0000000094b00000, 0x0000000094b00000| Untracked 
| 230|0x0000000094c00000, 0x0000000094c00000, 0x0000000094d00000|  0%| F|  |TAMS 0x0000000094c00000, 0x0000000094c00000| Untracked 
| 231|0x0000000094d00000, 0x0000000094d00000, 0x0000000094e00000|  0%| F|  |TAMS 0x0000000094d00000, 0x0000000094d00000| Untracked 
| 232|0x0000000094e00000, 0x0000000094e00000, 0x0000000094f00000|  0%| F|  |TAMS 0x0000000094e00000, 0x0000000094e00000| Untracked 
| 233|0x0000000094f00000, 0x0000000094f00000, 0x0000000095000000|  0%| F|  |TAMS 0x0000000094f00000, 0x0000000094f00000| Untracked 
| 234|0x0000000095000000, 0x0000000095000000, 0x0000000095100000|  0%| F|  |TAMS 0x0000000095000000, 0x0000000095000000| Untracked 
| 235|0x0000000095100000, 0x0000000095100000, 0x0000000095200000|  0%| F|  |TAMS 0x0000000095100000, 0x0000000095100000| Untracked 
| 236|0x0000000095200000, 0x0000000095200000, 0x0000000095300000|  0%| F|  |TAMS 0x0000000095200000, 0x0000000095200000| Untracked 
| 237|0x0000000095300000, 0x0000000095300000, 0x0000000095400000|  0%| F|  |TAMS 0x0000000095300000, 0x0000000095300000| Untracked 
| 238|0x0000000095400000, 0x0000000095400000, 0x0000000095500000|  0%| F|  |TAMS 0x0000000095400000, 0x0000000095400000| Untracked 
| 239|0x0000000095500000, 0x0000000095500000, 0x0000000095600000|  0%| F|  |TAMS 0x0000000095500000, 0x0000000095500000| Untracked 
| 240|0x0000000095600000, 0x0000000095600000, 0x0000000095700000|  0%| F|  |TAMS 0x0000000095600000, 0x0000000095600000| Untracked 
| 241|0x0000000095700000, 0x0000000095700000, 0x0000000095800000|  0%| F|  |TAMS 0x0000000095700000, 0x0000000095700000| Untracked 
| 242|0x0000000095800000, 0x0000000095800000, 0x0000000095900000|  0%| F|  |TAMS 0x0000000095800000, 0x0000000095800000| Untracked 
| 243|0x0000000095900000, 0x0000000095900000, 0x0000000095a00000|  0%| F|  |TAMS 0x0000000095900000, 0x0000000095900000| Untracked 
| 244|0x0000000095a00000, 0x0000000095a00000, 0x0000000095b00000|  0%| F|  |TAMS 0x0000000095a00000, 0x0000000095a00000| Untracked 
| 245|0x0000000095b00000, 0x0000000095b00000, 0x0000000095c00000|  0%| F|  |TAMS 0x0000000095b00000, 0x0000000095b00000| Untracked 
| 246|0x0000000095c00000, 0x0000000095c00000, 0x0000000095d00000|  0%| F|  |TAMS 0x0000000095c00000, 0x0000000095c00000| Untracked 
| 247|0x0000000095d00000, 0x0000000095d00000, 0x0000000095e00000|  0%| F|  |TAMS 0x0000000095d00000, 0x0000000095d00000| Untracked 
| 248|0x0000000095e00000, 0x0000000095e00000, 0x0000000095f00000|  0%| F|  |TAMS 0x0000000095e00000, 0x0000000095e00000| Untracked 
| 249|0x0000000095f00000, 0x0000000095f00000, 0x0000000096000000|  0%| F|  |TAMS 0x0000000095f00000, 0x0000000095f00000| Untracked 
| 250|0x0000000096000000, 0x0000000096000000, 0x0000000096100000|  0%| F|  |TAMS 0x0000000096000000, 0x0000000096000000| Untracked 
| 251|0x0000000096100000, 0x0000000096100000, 0x0000000096200000|  0%| F|  |TAMS 0x0000000096100000, 0x0000000096100000| Untracked 
| 252|0x0000000096200000, 0x0000000096200000, 0x0000000096300000|  0%| F|  |TAMS 0x0000000096200000, 0x0000000096200000| Untracked 
| 253|0x0000000096300000, 0x0000000096300000, 0x0000000096400000|  0%| F|  |TAMS 0x0000000096300000, 0x0000000096300000| Untracked 
| 254|0x0000000096400000, 0x0000000096400000, 0x0000000096500000|  0%| F|  |TAMS 0x0000000096400000, 0x0000000096400000| Untracked 
| 255|0x0000000096500000, 0x0000000096500000, 0x0000000096600000|  0%| F|  |TAMS 0x0000000096500000, 0x0000000096500000| Untracked 
| 256|0x0000000096600000, 0x0000000096600000, 0x0000000096700000|  0%| F|  |TAMS 0x0000000096600000, 0x0000000096600000| Untracked 
| 257|0x0000000096700000, 0x0000000096700000, 0x0000000096800000|  0%| F|  |TAMS 0x0000000096700000, 0x0000000096700000| Untracked 
| 258|0x0000000096800000, 0x0000000096800000, 0x0000000096900000|  0%| F|  |TAMS 0x0000000096800000, 0x0000000096800000| Untracked 
| 259|0x0000000096900000, 0x0000000096900000, 0x0000000096a00000|  0%| F|  |TAMS 0x0000000096900000, 0x0000000096900000| Untracked 
| 260|0x0000000096a00000, 0x0000000096a00000, 0x0000000096b00000|  0%| F|  |TAMS 0x0000000096a00000, 0x0000000096a00000| Untracked 
| 261|0x0000000096b00000, 0x0000000096b00000, 0x0000000096c00000|  0%| F|  |TAMS 0x0000000096b00000, 0x0000000096b00000| Untracked 
| 262|0x0000000096c00000, 0x0000000096c00000, 0x0000000096d00000|  0%| F|  |TAMS 0x0000000096c00000, 0x0000000096c00000| Untracked 
| 263|0x0000000096d00000, 0x0000000096d00000, 0x0000000096e00000|  0%| F|  |TAMS 0x0000000096d00000, 0x0000000096d00000| Untracked 
| 264|0x0000000096e00000, 0x0000000096e00000, 0x0000000096f00000|  0%| F|  |TAMS 0x0000000096e00000, 0x0000000096e00000| Untracked 
| 265|0x0000000096f00000, 0x0000000096f00000, 0x0000000097000000|  0%| F|  |TAMS 0x0000000096f00000, 0x0000000096f00000| Untracked 
| 266|0x0000000097000000, 0x0000000097000000, 0x0000000097100000|  0%| F|  |TAMS 0x0000000097000000, 0x0000000097000000| Untracked 
| 267|0x0000000097100000, 0x0000000097100000, 0x0000000097200000|  0%| F|  |TAMS 0x0000000097100000, 0x0000000097100000| Untracked 
| 268|0x0000000097200000, 0x0000000097200000, 0x0000000097300000|  0%| F|  |TAMS 0x0000000097200000, 0x0000000097200000| Untracked 
| 269|0x0000000097300000, 0x0000000097300000, 0x0000000097400000|  0%| F|  |TAMS 0x0000000097300000, 0x0000000097300000| Untracked 
| 270|0x0000000097400000, 0x0000000097400000, 0x0000000097500000|  0%| F|  |TAMS 0x0000000097400000, 0x0000000097400000| Untracked 
| 271|0x0000000097500000, 0x0000000097500000, 0x0000000097600000|  0%| F|  |TAMS 0x0000000097500000, 0x0000000097500000| Untracked 
| 272|0x0000000097600000, 0x0000000097600000, 0x0000000097700000|  0%| F|  |TAMS 0x0000000097600000, 0x0000000097600000| Untracked 
| 273|0x0000000097700000, 0x0000000097700000, 0x0000000097800000|  0%| F|  |TAMS 0x0000000097700000, 0x0000000097700000| Untracked 
| 274|0x0000000097800000, 0x0000000097800000, 0x0000000097900000|  0%| F|  |TAMS 0x0000000097800000, 0x0000000097800000| Untracked 
| 275|0x0000000097900000, 0x0000000097900000, 0x0000000097a00000|  0%| F|  |TAMS 0x0000000097900000, 0x0000000097900000| Untracked 
| 276|0x0000000097a00000, 0x0000000097a00000, 0x0000000097b00000|  0%| F|  |TAMS 0x0000000097a00000, 0x0000000097a00000| Untracked 
| 277|0x0000000097b00000, 0x0000000097b00000, 0x0000000097c00000|  0%| F|  |TAMS 0x0000000097b00000, 0x0000000097b00000| Untracked 
| 278|0x0000000097c00000, 0x0000000097c00000, 0x0000000097d00000|  0%| F|  |TAMS 0x0000000097c00000, 0x0000000097c00000| Untracked 
| 279|0x0000000097d00000, 0x0000000097d00000, 0x0000000097e00000|  0%| F|  |TAMS 0x0000000097d00000, 0x0000000097d00000| Untracked 
| 280|0x0000000097e00000, 0x0000000097e00000, 0x0000000097f00000|  0%| F|  |TAMS 0x0000000097e00000, 0x0000000097e00000| Untracked 
| 281|0x0000000097f00000, 0x0000000097f00000, 0x0000000098000000|  0%| F|  |TAMS 0x0000000097f00000, 0x0000000097f00000| Untracked 
| 282|0x0000000098000000, 0x0000000098000000, 0x0000000098100000|  0%| F|  |TAMS 0x0000000098000000, 0x0000000098000000| Untracked 
| 283|0x0000000098100000, 0x0000000098100000, 0x0000000098200000|  0%| F|  |TAMS 0x0000000098100000, 0x0000000098100000| Untracked 
| 284|0x0000000098200000, 0x0000000098200000, 0x0000000098300000|  0%| F|  |TAMS 0x0000000098200000, 0x0000000098200000| Untracked 
| 285|0x0000000098300000, 0x0000000098300000, 0x0000000098400000|  0%| F|  |TAMS 0x0000000098300000, 0x0000000098300000| Untracked 
| 286|0x0000000098400000, 0x0000000098400000, 0x0000000098500000|  0%| F|  |TAMS 0x0000000098400000, 0x0000000098400000| Untracked 
| 287|0x0000000098500000, 0x0000000098500000, 0x0000000098600000|  0%| F|  |TAMS 0x0000000098500000, 0x0000000098500000| Untracked 
| 288|0x0000000098600000, 0x0000000098653678, 0x0000000098700000| 32%| S|CS|TAMS 0x0000000098600000, 0x0000000098600000| Complete 
| 289|0x0000000098700000, 0x0000000098700000, 0x0000000098800000|  0%| F|  |TAMS 0x0000000098700000, 0x0000000098700000| Untracked 
| 290|0x0000000098800000, 0x0000000098800000, 0x0000000098900000|  0%| F|  |TAMS 0x0000000098800000, 0x0000000098800000| Untracked 
| 291|0x0000000098900000, 0x0000000098900000, 0x0000000098a00000|  0%| F|  |TAMS 0x0000000098900000, 0x0000000098900000| Untracked 
| 292|0x0000000098a00000, 0x0000000098a00000, 0x0000000098b00000|  0%| F|  |TAMS 0x0000000098a00000, 0x0000000098a00000| Untracked 
| 293|0x0000000098b00000, 0x0000000098b00000, 0x0000000098c00000|  0%| F|  |TAMS 0x0000000098b00000, 0x0000000098b00000| Untracked 
| 294|0x0000000098c00000, 0x0000000098c00000, 0x0000000098d00000|  0%| F|  |TAMS 0x0000000098c00000, 0x0000000098c00000| Untracked 
| 295|0x0000000098d00000, 0x0000000098d00000, 0x0000000098e00000|  0%| F|  |TAMS 0x0000000098d00000, 0x0000000098d00000| Untracked 
| 296|0x0000000098e00000, 0x0000000098f00000, 0x0000000098f00000|100%| E|  |TAMS 0x0000000098e00000, 0x0000000098e00000| Complete 

Card table byte_map: [0x0000028262490000,0x0000028262860000] _byte_map_base: 0x000002826205d000

Marking Bits (Prev, Next): (CMBitMap*) 0x000002824ac9f9c0, (CMBitMap*) 0x000002824ac9fa00
 Prev Bits: [0x0000028262c30000, 0x0000028264a98000)
 Next Bits: [0x0000028264aa0000, 0x0000028266908000)

Polling page: 0x0000028249390000

Metaspace:

Usage:
  Non-class:      6.56 MB used.
      Class:    846.62 KB used.
       Both:      7.39 MB used.

Virtual space:
  Non-class space:       64.00 MB reserved,       6.69 MB ( 10%) committed,  1 nodes.
      Class space:        1.00 GB reserved,     960.00 KB ( <1%) committed,  1 nodes.
             Both:        1.06 GB reserved,       7.62 MB ( <1%) committed. 

Chunk freelists:
   Non-Class:  1009.00 KB
       Class:  3.11 MB
        Both:  4.10 MB

MaxMetaspaceSize: unlimited
CompressedClassSpaceSize: 1.00 GB
Initial GC threshold: 21.00 MB
Current GC threshold: 21.00 MB
CDS: on
MetaspaceReclaimPolicy: balanced
 - commit_granule_bytes: 65536.
 - commit_granule_words: 8192.
 - virtual_space_node_default_size: 8388608.
 - enlarge_chunks_in_place: 1.
 - new_chunks_are_fully_committed: 0.
 - uncommit_free_chunks: 1.
 - use_allocation_guard: 0.


Internal statistics:

num_allocs_failed_limit: 0.
num_arena_births: 134.
num_arena_deaths: 0.
num_vsnodes_births: 2.
num_vsnodes_deaths: 0.
num_space_committed: 122.
num_space_uncommitted: 0.
num_chunks_returned_to_freelist: 0.
num_chunks_taken_from_freelist: 173.
num_chunk_merges: 0.
num_chunk_splits: 105.
num_chunks_enlarged: 40.
num_inconsistent_stats: 0.

CodeHeap 'non-profiled nmethods': size=120000Kb used=390Kb max_used=390Kb free=119609Kb
 bounds [0x000002825a120000, 0x000002825a390000, 0x0000028261650000]
CodeHeap 'profiled nmethods': size=120000Kb used=1612Kb max_used=1612Kb free=118387Kb
 bounds [0x0000028252bf0000, 0x0000028252e60000, 0x000002825a120000]
CodeHeap 'non-nmethods': size=5760Kb used=1283Kb max_used=1291Kb free=4476Kb
 bounds [0x0000028252650000, 0x00000282528c0000, 0x0000028252bf0000]
 total_blobs=1562 nmethods=978 adapters=497
 compilation: enabled
              stopped_count=0, restarted_count=0
 full_count=0

Compilation events (20 events):
Event: 2.934 Thread 0x000002826931fb40  969   !   3       jdk.internal.ref.PhantomCleanable::remove (60 bytes)
Event: 2.935 Thread 0x000002826931fb40 nmethod 969 0x0000028252d7f410 code [0x0000028252d7f5c0, 0x0000028252d7f9d8]
Event: 2.944 Thread 0x000002826931fb40  970       3       jdk.internal.logger.SimpleConsoleLogger::isLoggable (29 bytes)
Event: 2.944 Thread 0x000002826931fb40 nmethod 970 0x0000028252d7fb90 code [0x0000028252d7fd40, 0x0000028252d80088]
Event: 2.944 Thread 0x000002826931fb40  971       3       jdk.internal.logger.SimpleConsoleLogger::effectiveLevel (17 bytes)
Event: 2.944 Thread 0x000002826931fb40 nmethod 971 0x0000028252d80190 code [0x0000028252d80340, 0x0000028252d80568]
Event: 2.944 Thread 0x000002826931fb40  972       3       jdk.internal.logger.SurrogateLogger::defaultPlatformLevel (4 bytes)
Event: 2.944 Thread 0x000002826931fb40 nmethod 972 0x0000028252d80610 code [0x0000028252d807a0, 0x0000028252d808b8]
Event: 2.949 Thread 0x000002826931fb40  973   !   3       jdk.internal.logger.LazyLoggers$LazyLoggerAccessor::platform (103 bytes)
Event: 2.950 Thread 0x000002826931fb40 nmethod 973 0x0000028252d80990 code [0x0000028252d80be0, 0x0000028252d818c8]
Event: 2.950 Thread 0x000002826931fb40  974       1       java.util.concurrent.locks.AbstractOwnableSynchronizer::setExclusiveOwnerThread (6 bytes)
Event: 2.950 Thread 0x000002826931fb40 nmethod 974 0x000002825a181710 code [0x000002825a1818a0, 0x000002825a1819b8]
Event: 2.952 Thread 0x000002826931fb40  976       3       java.lang.Class::reflectionData (43 bytes)
Event: 2.953 Thread 0x000002826931fb40 nmethod 976 0x0000028252d81c10 code [0x0000028252d81de0, 0x0000028252d821f8]
Event: 2.953 Thread 0x000002826931fb40  975       3       java.awt.Component::getParent (5 bytes)
Event: 2.953 Thread 0x000002826931fb40 nmethod 975 0x0000028252d82310 code [0x0000028252d824a0, 0x0000028252d825b8]
Event: 2.970 Thread 0x000002826931fb40  977       3       jdk.internal.ref.PhantomCleanable::clean (16 bytes)
Event: 2.971 Thread 0x000002826931fb40 nmethod 977 0x0000028252d82690 code [0x0000028252d82860, 0x0000028252d82b28]
Event: 2.971 Thread 0x000002826931fb40  978       3       jdk.internal.ref.CleanerImpl$PhantomCleanableRef::performCleanup (10 bytes)
Event: 2.971 Thread 0x000002826931fb40 nmethod 978 0x0000028252d82c10 code [0x0000028252d82dc0, 0x0000028252d82f88]

GC Heap History (18 events):
Event: 0.614 GC heap before
{Heap before GC invocations=0 (full 0):
 garbage-first heap   total 124928K, used 8192K [0x0000000086600000, 0x0000000100000000)
  region size 1024K, 9 young (9216K), 0 survivors (0K)
 Metaspace       used 4963K, committed 5184K, reserved 1114112K
  class space    used 523K, committed 640K, reserved 1048576K
}
Event: 0.619 GC heap after
{Heap after GC invocations=1 (full 0):
 garbage-first heap   total 124928K, used 2632K [0x0000000086600000, 0x0000000100000000)
  region size 1024K, 3 young (3072K), 3 survivors (3072K)
 Metaspace       used 4963K, committed 5184K, reserved 1114112K
  class space    used 523K, committed 640K, reserved 1048576K
}
Event: 0.819 GC heap before
{Heap before GC invocations=1 (full 0):
 garbage-first heap   total 124928K, used 118344K [0x0000000086600000, 0x0000000100000000)
  region size 1024K, 21 young (21504K), 3 survivors (3072K)
 Metaspace       used 5103K, committed 5312K, reserved 1114112K
  class space    used 529K, committed 640K, reserved 1048576K
}
Event: 0.823 GC heap after
{Heap after GC invocations=2 (full 0):
 garbage-first heap   total 124928K, used 101302K [0x0000000086600000, 0x0000000100000000)
  region size 1024K, 1 young (1024K), 1 survivors (1024K)
 Metaspace       used 5103K, committed 5312K, reserved 1114112K
  class space    used 529K, committed 640K, reserved 1048576K
}
Event: 0.867 GC heap before
{Heap before GC invocations=2 (full 0):
 garbage-first heap   total 124928K, used 105398K [0x0000000086600000, 0x0000000100000000)
  region size 1024K, 6 young (6144K), 1 survivors (1024K)
 Metaspace       used 5104K, committed 5312K, reserved 1114112K
  class space    used 529K, committed 640K, reserved 1048576K
}
Event: 0.868 GC heap after
{Heap after GC invocations=3 (full 0):
 garbage-first heap   total 124928K, used 100948K [0x0000000086600000, 0x0000000100000000)
  region size 1024K, 1 young (1024K), 1 survivors (1024K)
 Metaspace       used 5104K, committed 5312K, reserved 1114112K
  class space    used 529K, committed 640K, reserved 1048576K
}
Event: 0.923 GC heap before
{Heap before GC invocations=4 (full 0):
 garbage-first heap   total 173056K, used 105044K [0x0000000086600000, 0x0000000100000000)
  region size 1024K, 6 young (6144K), 1 survivors (1024K)
 Metaspace       used 5104K, committed 5312K, reserved 1114112K
  class space    used 529K, committed 640K, reserved 1048576K
}
Event: 0.924 GC heap after
{Heap after GC invocations=5 (full 0):
 garbage-first heap   total 173056K, used 100859K [0x0000000086600000, 0x0000000100000000)
  region size 1024K, 1 young (1024K), 1 survivors (1024K)
 Metaspace       used 5104K, committed 5312K, reserved 1114112K
  class space    used 529K, committed 640K, reserved 1048576K
}
Event: 1.269 GC heap before
{Heap before GC invocations=5 (full 0):
 garbage-first heap   total 173056K, used 148987K [0x0000000086600000, 0x0000000100000000)
  region size 1024K, 49 young (50176K), 1 survivors (1024K)
 Metaspace       used 5104K, committed 5312K, reserved 1114112K
  class space    used 529K, committed 640K, reserved 1048576K
}
Event: 1.270 GC heap after
{Heap after GC invocations=6 (full 0):
 garbage-first heap   total 173056K, used 100837K [0x0000000086600000, 0x0000000100000000)
  region size 1024K, 1 young (1024K), 1 survivors (1024K)
 Metaspace       used 5104K, committed 5312K, reserved 1114112K
  class space    used 529K, committed 640K, reserved 1048576K
}
Event: 1.335 GC heap before
{Heap before GC invocations=7 (full 0):
 garbage-first heap   total 173056K, used 122341K [0x0000000086600000, 0x0000000100000000)
  region size 1024K, 23 young (23552K), 1 survivors (1024K)
 Metaspace       used 5114K, committed 5312K, reserved 1114112K
  class space    used 531K, committed 640K, reserved 1048576K
}
Event: 1.337 GC heap after
{Heap after GC invocations=8 (full 0):
 garbage-first heap   total 218112K, used 100931K [0x0000000086600000, 0x0000000100000000)
  region size 1024K, 1 young (1024K), 1 survivors (1024K)
 Metaspace       used 5114K, committed 5312K, reserved 1114112K
  class space    used 531K, committed 640K, reserved 1048576K
}
Event: 1.885 GC heap before
{Heap before GC invocations=9 (full 0):
 garbage-first heap   total 218112K, used 105027K [0x0000000086600000, 0x0000000100000000)
  region size 1024K, 4 young (4096K), 1 survivors (1024K)
 Metaspace       used 6199K, committed 6400K, reserved 1114112K
  class space    used 687K, committed 832K, reserved 1048576K
}
Event: 1.888 GC heap after
{Heap after GC invocations=10 (full 0):
 garbage-first heap   total 218112K, used 103012K [0x0000000086600000, 0x0000000100000000)
  region size 1024K, 1 young (1024K), 1 survivors (1024K)
 Metaspace       used 6199K, committed 6400K, reserved 1114112K
  class space    used 687K, committed 832K, reserved 1048576K
}
Event: 2.208 GC heap before
{Heap before GC invocations=11 (full 0):
 garbage-first heap   total 290816K, used 242276K [0x0000000086600000, 0x0000000100000000)
  region size 1024K, 70 young (71680K), 1 survivors (1024K)
 Metaspace       used 6199K, committed 6400K, reserved 1114112K
  class space    used 687K, committed 832K, reserved 1048576K
}
Event: 2.211 GC heap after
{Heap after GC invocations=12 (full 0):
 garbage-first heap   total 290816K, used 172656K [0x0000000086600000, 0x0000000100000000)
  region size 1024K, 1 young (1024K), 1 survivors (1024K)
 Metaspace       used 6199K, committed 6400K, reserved 1114112K
  class space    used 687K, committed 832K, reserved 1048576K
}
Event: 2.968 GC heap before
{Heap before GC invocations=13 (full 0):
 garbage-first heap   total 304128K, used 188016K [0x0000000086600000, 0x0000000100000000)
  region size 1024K, 10 young (10240K), 1 survivors (1024K)
 Metaspace       used 7543K, committed 7808K, reserved 1114112K
  class space    used 844K, committed 960K, reserved 1048576K
}
Event: 2.970 GC heap after
{Heap after GC invocations=14 (full 0):
 garbage-first heap   total 304128K, used 180011K [0x0000000086600000, 0x0000000100000000)
  region size 1024K, 1 young (1024K), 1 survivors (1024K)
 Metaspace       used 7543K, committed 7808K, reserved 1114112K
  class space    used 844K, committed 960K, reserved 1048576K
}

Deoptimization events (20 events):
Event: 2.336 Thread 0x000002826d8b1e40 DEOPT PACKING pc=0x0000028252d508e1 sp=0x0000008defdfe180
Event: 2.336 Thread 0x000002826d8b1e40 DEOPT UNPACKING pc=0x00000282526a6763 sp=0x0000008defdfd610 mode 0
Event: 2.337 Thread 0x000002826d8b1e40 DEOPT PACKING pc=0x0000028252d508e1 sp=0x0000008defdfe180
Event: 2.337 Thread 0x000002826d8b1e40 DEOPT UNPACKING pc=0x00000282526a6763 sp=0x0000008defdfd610 mode 0
Event: 2.338 Thread 0x000002826d8b1e40 DEOPT PACKING pc=0x0000028252d508e1 sp=0x0000008defdfe180
Event: 2.338 Thread 0x000002826d8b1e40 DEOPT UNPACKING pc=0x00000282526a6763 sp=0x0000008defdfd610 mode 0
Event: 2.339 Thread 0x000002826d8b1e40 DEOPT PACKING pc=0x0000028252d508e1 sp=0x0000008defdfe180
Event: 2.339 Thread 0x000002826d8b1e40 DEOPT UNPACKING pc=0x00000282526a6763 sp=0x0000008defdfd610 mode 0
Event: 2.340 Thread 0x000002826d8b1e40 DEOPT PACKING pc=0x0000028252d508e1 sp=0x0000008defdfe180
Event: 2.340 Thread 0x000002826d8b1e40 DEOPT UNPACKING pc=0x00000282526a6763 sp=0x0000008defdfd610 mode 0
Event: 2.341 Thread 0x000002826d8b1e40 DEOPT PACKING pc=0x0000028252d508e1 sp=0x0000008defdfe180
Event: 2.341 Thread 0x000002826d8b1e40 DEOPT UNPACKING pc=0x00000282526a6763 sp=0x0000008defdfd610 mode 0
Event: 2.342 Thread 0x000002826d8b1e40 DEOPT PACKING pc=0x0000028252d508e1 sp=0x0000008defdfe180
Event: 2.342 Thread 0x000002826d8b1e40 DEOPT UNPACKING pc=0x00000282526a6763 sp=0x0000008defdfd610 mode 0
Event: 2.343 Thread 0x000002826d8b1e40 DEOPT PACKING pc=0x0000028252d508e1 sp=0x0000008defdfe180
Event: 2.343 Thread 0x000002826d8b1e40 DEOPT UNPACKING pc=0x00000282526a6763 sp=0x0000008defdfd610 mode 0
Event: 2.770 Thread 0x000002824ac42f40 Uncommon trap: trap_request=0xffffff45 fr.pc=0x000002825a153210 relative=0x0000000000000210
Event: 2.770 Thread 0x000002824ac42f40 Uncommon trap: reason=unstable_if action=reinterpret pc=0x000002825a153210 method=java.lang.StringUTF16.compress([CI[BII)I @ 20 c2
Event: 2.770 Thread 0x000002824ac42f40 DEOPT PACKING pc=0x000002825a153210 sp=0x0000008dee6fde50
Event: 2.771 Thread 0x000002824ac42f40 DEOPT UNPACKING pc=0x00000282526a5c23 sp=0x0000008dee6fddd0 mode 2

Classes loaded (20 events):
Event: 2.961 Loading class java/awt/GraphicsCallback$PaintCallback
Event: 2.962 Loading class java/awt/GraphicsCallback
Event: 2.962 Loading class sun/awt/SunGraphicsCallback
Event: 2.962 Loading class sun/awt/SunGraphicsCallback done
Event: 2.962 Loading class java/awt/GraphicsCallback done
Event: 2.962 Loading class java/awt/GraphicsCallback$PaintCallback done
Event: 2.963 Loading class sun/awt/image/BufferedImageGraphicsConfig
Event: 2.964 Loading class sun/awt/image/BufferedImageGraphicsConfig done
Event: 2.964 Loading class sun/print/PrinterGraphicsConfig
Event: 2.965 Loading class sun/print/PrinterGraphicsConfig done
Event: 2.965 Loading class sun/java2d/opengl/WGLGraphicsConfig
Event: 2.966 Loading class sun/java2d/opengl/OGLGraphicsConfig
Event: 2.967 Loading class sun/java2d/opengl/OGLGraphicsConfig done
Event: 2.967 Loading class sun/java2d/opengl/WGLGraphicsConfig done
Event: 2.967 Loading class sun/awt/image/BufImgVolatileSurfaceManager
Event: 2.968 Loading class sun/awt/image/BufImgVolatileSurfaceManager done
Event: 2.973 Loading class sun/awt/image/BufImgSurfaceData
Event: 2.974 Loading class sun/awt/image/BufImgSurfaceData done
Event: 2.974 Loading class sun/awt/image/BufImgSurfaceData$ICMColorData
Event: 2.974 Loading class sun/awt/image/BufImgSurfaceData$ICMColorData done

Classes unloaded (0 events):
No events

Classes redefined (0 events):
No events

Internal exceptions (20 events):
Event: 0.219 Thread 0x000002824ac42f40 Exception <a 'java/lang/NoSuchMethodError'{0x000000008dd7fcd0}: 'void java.lang.invoke.DirectMethodHandle$Holder.invokeSpecial(java.lang.Object, java.lang.Object, java.lang.Object)'> (0x000000008dd7fcd0) 
thrown [t:\workspace\open\src\hotspot\share\interpreter\linkResolver.cpp, line 766]
Event: 0.223 Thread 0x000002824ac42f40 Exception <a 'java/lang/NoSuchMethodError'{0x000000008dd8b228}: 'void java.lang.invoke.DirectMethodHandle$Holder.invokeSpecial(java.lang.Object, java.lang.Object, java.lang.Object, java.lang.Object, java.lang.Object)'> (0x000000008dd8b228) 
thrown [t:\workspace\open\src\hotspot\share\interpreter\linkResolver.cpp, line 766]
Event: 0.230 Thread 0x000002824ac42f40 Exception <a 'java/lang/NoSuchMethodError'{0x000000008dd9e9c0}: 'java.lang.Object java.lang.invoke.DirectMethodHandle$Holder.invokeInterface(java.lang.Object, java.lang.Object)'> (0x000000008dd9e9c0) 
thrown [t:\workspace\open\src\hotspot\share\interpreter\linkResolver.cpp, line 766]
Event: 0.231 Thread 0x000002824ac42f40 Exception <a 'java/lang/IncompatibleClassChangeError'{0x000000008dda1f08}: Found class java.lang.Object, but interface was expected> (0x000000008dda1f08) 
thrown [t:\workspace\open\src\hotspot\share\interpreter\linkResolver.cpp, line 833]
Event: 0.232 Thread 0x000002824ac42f40 Exception <a 'java/lang/NoSuchMethodError'{0x000000008dda4df8}: 'void java.lang.invoke.DirectMethodHandle$Holder.invokeStatic(java.lang.Object, java.lang.Object, java.lang.Object, java.lang.Object)'> (0x000000008dda4df8) 
thrown [t:\workspace\open\src\hotspot\share\interpreter\linkResolver.cpp, line 766]
Event: 0.283 Thread 0x000002824ac42f40 Exception <a 'sun/nio/fs/WindowsException'{0x000000008dc42fd0}> (0x000000008dc42fd0) 
thrown [t:\workspace\open\src\hotspot\share\prims\jni.cpp, line 516]
Event: 0.289 Thread 0x000002824ac42f40 Exception <a 'java/lang/ClassNotFoundException'{0x000000008dc48d10}: sun/awt/resources/spi/awtProvider> (0x000000008dc48d10) 
thrown [t:\workspace\open\src\hotspot\share\classfile\systemDictionary.cpp, line 255]
Event: 0.328 Thread 0x000002824ac42f40 Exception <a 'java/io/FileNotFoundException'{0x000000008db10b80}> (0x000000008db10b80) 
thrown [t:\workspace\open\src\hotspot\share\prims\jni.cpp, line 516]
Event: 0.341 Thread 0x000002824ac42f40 Exception <a 'java/io/FileNotFoundException'{0x000000008db3dda0}> (0x000000008db3dda0) 
thrown [t:\workspace\open\src\hotspot\share\prims\jni.cpp, line 516]
Event: 0.396 Thread 0x000002824ac42f40 Exception <a 'java/lang/NoSuchMethodError'{0x000000008db81168}: 'java.lang.Object java.lang.invoke.DirectMethodHandle$Holder.invokeStaticInit(java.lang.Object)'> (0x000000008db81168) 
thrown [t:\workspace\open\src\hotspot\share\interpreter\linkResolver.cpp, line 766]
Event: 0.457 Thread 0x000002824ac42f40 Exception <a 'java/lang/NoSuchMethodError'{0x000000008da04e58}: 'java.lang.Object java.lang.invoke.DirectMethodHandle$Holder.newInvokeSpecial(java.lang.Object, java.lang.Object, java.lang.Object, java.lang.Object, java.lang.Object)'> (0x000000008da04e58) 
thrown [t:\workspace\open\src\hotspot\share\interpreter\linkResolver.cpp, line 766]
Event: 0.468 Thread 0x000002824ac42f40 Exception <a 'java/lang/NoSuchMethodError'{0x000000008da36968}: 'java.lang.Object java.lang.invoke.DirectMethodHandle$Holder.invokeStatic(java.lang.Object, int, java.lang.Object)'> (0x000000008da36968) 
thrown [t:\workspace\open\src\hotspot\share\interpreter\linkResolver.cpp, line 766]
Event: 0.514 Thread 0x000002824ac42f40 Exception <a 'java/lang/ClassNotFoundException'{0x000000008daf2c00}: com/sun/swing/internal/plaf/metal/resources/spi/metalProvider> (0x000000008daf2c00) 
thrown [t:\workspace\open\src\hotspot\share\classfile\systemDictionary.cpp, line 255]
Event: 0.515 Thread 0x000002824ac42f40 Exception <a 'java/lang/ClassNotFoundException'{0x000000008daf6c88}: com/sun/swing/internal/plaf/basic/resources/spi/basicProvider> (0x000000008daf6c88) 
thrown [t:\workspace\open\src\hotspot\share\classfile\systemDictionary.cpp, line 255]
Event: 0.525 Thread 0x000002824ac42f40 Implicit null exception at 0x000002825a148bd8 to 0x000002825a148c6e
Event: 0.530 Thread 0x000002824ac42f40 Exception <a 'java/lang/NoSuchMethodError'{0x000000008d917500}: 'int java.lang.invoke.Invokers$Holder.invokeExact_MT(java.lang.Object, java.lang.Object)'> (0x000000008d917500) 
thrown [t:\workspace\open\src\hotspot\share\interpreter\linkResolver.cpp, line 766]
Event: 0.609 Thread 0x000002826d8b1e40 Exception <a 'java/lang/NoSuchMethodError'{0x000000008d8fb6b0}: 'java.lang.Object java.lang.invoke.DirectMethodHandle$Holder.newInvokeSpecial(java.lang.Object, java.lang.Object, java.lang.Object, int, int, int, int, int)'> (0x000000008d8fb6b0) 
thrown [t:\workspace\open\src\hotspot\share\interpreter\linkResolver.cpp, line 766]
Event: 2.208 Thread 0x000002826d8b1e40 Implicit null exception at 0x000002825a176ea2 to 0x000002825a177940
Event: 2.717 Thread 0x000002824ac42f40 Exception <a 'java/lang/NoSuchMethodError'{0x00000000989a7f00}: 'void java.lang.invoke.DirectMethodHandle$Holder.invokeStaticInit(java.lang.Object)'> (0x00000000989a7f00) 
thrown [t:\workspace\open\src\hotspot\share\interpreter\linkResolver.cpp, line 766]
Event: 2.830 Thread 0x000002824ac42f40 Exception <a 'sun/nio/fs/WindowsException'{0x00000000989fc980}> (0x00000000989fc980) 
thrown [t:\workspace\open\src\hotspot\share\prims\jni.cpp, line 516]

VM Operations (20 events):
Event: 1.848 Executing VM operation: HandshakeAllThreads done
Event: 1.881 Executing VM operation: HandshakeAllThreads
Event: 1.881 Executing VM operation: HandshakeAllThreads done
Event: 1.885 Executing VM operation: G1TryInitiateConcMark
Event: 1.888 Executing VM operation: G1TryInitiateConcMark done
Event: 1.894 Executing VM operation: G1Concurrent
Event: 1.896 Executing VM operation: G1Concurrent done
Event: 1.898 Executing VM operation: G1Concurrent
Event: 1.899 Executing VM operation: G1Concurrent done
Event: 2.208 Executing VM operation: G1TryInitiateConcMark
Event: 2.211 Executing VM operation: G1TryInitiateConcMark done
Event: 2.217 Executing VM operation: G1Concurrent
Event: 2.323 Executing VM operation: G1Concurrent done
Event: 2.325 Executing VM operation: G1Concurrent
Event: 2.325 Executing VM operation: G1Concurrent done
Event: 2.951 Executing VM operation: HandshakeAllThreads
Event: 2.951 Executing VM operation: HandshakeAllThreads done
Event: 2.968 Executing VM operation: G1TryInitiateConcMark
Event: 2.970 Executing VM operation: G1TryInitiateConcMark done
Event: 2.975 Executing VM operation: G1Concurrent

Events (20 events):
Event: 0.104 Loaded shared library C:\Program Files\Java\jdk-18\bin\net.dll
Event: 0.108 Loaded shared library C:\Program Files\Java\jdk-18\bin\nio.dll
Event: 0.165 Loaded shared library C:\Program Files\Java\jdk-18\bin\zip.dll
Event: 0.212 Thread 0x000002826d6a3010 Thread added: 0x000002826d6a3010
Event: 0.249 Thread 0x000002826d770d40 Thread added: 0x000002826d770d40
Event: 0.276 Loaded shared library C:\Program Files\Java\jdk-18\bin\jimage.dll
Event: 0.306 Loaded shared library C:\Program Files\Java\jdk-18\bin\awt.dll
Event: 0.397 Thread 0x000002826d889af0 Thread added: 0x000002826d889af0
Event: 0.399 Thread 0x000002826d889fb0 Thread added: 0x000002826d889fb0
Event: 0.401 Thread 0x000002826d8095c0 Thread added: 0x000002826d8095c0
Event: 0.538 Thread 0x000002826d8b1e40 Thread added: 0x000002826d8b1e40
Event: 1.430 Thread 0x000002826d889fb0 Thread exited: 0x000002826d889fb0
Event: 1.700 Thread 0x000002826d6a3010 Thread exited: 0x000002826d6a3010
Event: 1.883 Loaded shared library C:\Program Files\Java\jdk-18\bin\javajpeg.dll
Event: 2.630 Thread 0x000002826e355d60 Thread added: 0x000002826e355d60
Event: 2.648 Thread 0x000002826e4a6f30 Thread added: 0x000002826e4a6f30
Event: 2.735 Loaded shared library C:\Program Files\Java\jdk-18\bin\freetype.dll
Event: 2.738 Loaded shared library C:\Program Files\Java\jdk-18\bin\fontmanager.dll
Event: 2.934 Thread 0x000002824ac42f40 Thread exited: 0x000002824ac42f40
Event: 2.935 Thread 0x000002824ac42f40 Thread added: 0x000002824ac42f40


Dynamic libraries:
0x00007ff6cc450000 - 0x00007ff6cc460000 	C:\Program Files\Java\jdk-18\bin\javaw.exe
0x00007ffbc8aa0000 - 0x00007ffbc8d00000 	C:\WINDOWS\SYSTEM32\ntdll.dll
0x00007ffbc6fa0000 - 0x00007ffbc7067000 	C:\WINDOWS\System32\KERNEL32.DLL
0x00007ffbc6160000 - 0x00007ffbc652a000 	C:\WINDOWS\System32\KERNELBASE.dll
0x00007ffbc65d0000 - 0x00007ffbc671b000 	C:\WINDOWS\System32\ucrtbase.dll
0x00007ffbc04e0000 - 0x00007ffbc04fa000 	C:\Program Files\Java\jdk-18\bin\VCRUNTIME140.dll
0x00007ffbc07d0000 - 0x00007ffbc07e8000 	C:\Program Files\Java\jdk-18\bin\jli.dll
0x00007ffbc6a70000 - 0x00007ffbc6b22000 	C:\WINDOWS\System32\ADVAPI32.dll
0x00007ffbc6cd0000 - 0x00007ffbc6d79000 	C:\WINDOWS\System32\msvcrt.dll
0x00007ffbc70a0000 - 0x00007ffbc7146000 	C:\WINDOWS\System32\sechost.dll
0x00007ffbc8670000 - 0x00007ffbc8786000 	C:\WINDOWS\System32\RPCRT4.dll
0x00007ffbc75f0000 - 0x00007ffbc77bc000 	C:\WINDOWS\System32\USER32.dll
0x00007ffbc6870000 - 0x00007ffbc6897000 	C:\WINDOWS\System32\win32u.dll
0x00007ffbb1db0000 - 0x00007ffbb2049000 	C:\WINDOWS\WinSxS\amd64_microsoft.windows.common-controls_6595b64144ccf1df_6.0.26100.3575_none_3e0d5430e32ff727\COMCTL32.dll
0x00007ffbc7950000 - 0x00007ffbc797a000 	C:\WINDOWS\System32\GDI32.dll
0x00007ffbc5c80000 - 0x00007ffbc5db1000 	C:\WINDOWS\System32\gdi32full.dll
0x00007ffbc5dc0000 - 0x00007ffbc5e63000 	C:\WINDOWS\System32\msvcp_win.dll
0x00007ffbb55c0000 - 0x00007ffbb55cb000 	C:\WINDOWS\SYSTEM32\VERSION.dll
0x00007ffbc68b0000 - 0x00007ffbc68df000 	C:\WINDOWS\System32\IMM32.DLL
0x00007ffbc04d0000 - 0x00007ffbc04dc000 	C:\Program Files\Java\jdk-18\bin\vcruntime140_1.dll
0x00007ffbaaf60000 - 0x00007ffbaafed000 	C:\Program Files\Java\jdk-18\bin\msvcp140.dll
0x00007ffb48740000 - 0x00007ffb49351000 	C:\Program Files\Java\jdk-18\bin\server\jvm.dll
0x00007ffbc75e0000 - 0x00007ffbc75e8000 	C:\WINDOWS\System32\PSAPI.DLL
0x00007ffbb2990000 - 0x00007ffbb29c6000 	C:\WINDOWS\SYSTEM32\WINMM.dll
0x00007ffbb9100000 - 0x00007ffbb910a000 	C:\WINDOWS\SYSTEM32\WSOCK32.dll
0x00007ffbc7e10000 - 0x00007ffbc7e84000 	C:\WINDOWS\System32\WS2_32.dll
0x00007ffbc4a90000 - 0x00007ffbc4aaa000 	C:\WINDOWS\SYSTEM32\kernel.appcore.dll
0x00007ffbc04c0000 - 0x00007ffbc04ca000 	C:\Program Files\Java\jdk-18\bin\jimage.dll
0x00007ffbc3360000 - 0x00007ffbc35a1000 	C:\WINDOWS\SYSTEM32\DBGHELP.DLL
0x00007ffbc7150000 - 0x00007ffbc74d3000 	C:\WINDOWS\System32\combase.dll
0x00007ffbc6b30000 - 0x00007ffbc6c06000 	C:\WINDOWS\System32\OLEAUT32.dll
0x00007ffbb1690000 - 0x00007ffbb16c9000 	C:\WINDOWS\SYSTEM32\dbgcore.DLL
0x00007ffbc6530000 - 0x00007ffbc65c9000 	C:\WINDOWS\System32\bcryptPrimitives.dll
0x00007ffbb9010000 - 0x00007ffbb9035000 	C:\Program Files\Java\jdk-18\bin\java.dll
0x00007ffbaac10000 - 0x00007ffbaace6000 	C:\Program Files\Java\jdk-18\bin\jsvml.dll
0x00007ffbc7ef0000 - 0x00007ffbc8619000 	C:\WINDOWS\System32\SHELL32.dll
0x00007ffbc5ff0000 - 0x00007ffbc6158000 	C:\WINDOWS\System32\wintypes.dll
0x00007ffbc38f0000 - 0x00007ffbc4143000 	C:\WINDOWS\SYSTEM32\windows.storage.dll
0x00007ffbc8970000 - 0x00007ffbc8a5d000 	C:\WINDOWS\System32\SHCORE.dll
0x00007ffbc7570000 - 0x00007ffbc75d5000 	C:\WINDOWS\System32\shlwapi.dll
0x00007ffbc5b90000 - 0x00007ffbc5bbf000 	C:\WINDOWS\SYSTEM32\profapi.dll
0x00007ffbb8ca0000 - 0x00007ffbb8cb3000 	C:\Program Files\Java\jdk-18\bin\net.dll
0x00007ffbbcc10000 - 0x00007ffbbcd2e000 	C:\WINDOWS\SYSTEM32\WINHTTP.dll
0x00007ffbc4fb0000 - 0x00007ffbc501a000 	C:\WINDOWS\system32\mswsock.dll
0x00007ffbb3bf0000 - 0x00007ffbb3c06000 	C:\Program Files\Java\jdk-18\bin\nio.dll
0x00007ffbaaf40000 - 0x00007ffbaaf58000 	C:\Program Files\Java\jdk-18\bin\zip.dll
0x00007ffba3dc0000 - 0x00007ffba3f4f000 	C:\Program Files\Java\jdk-18\bin\awt.dll
0x00007ffbc27d0000 - 0x00007ffbc286c000 	C:\WINDOWS\SYSTEM32\apphelp.dll
0x00007ffbc2cd0000 - 0x00007ffbc2d05000 	C:\WINDOWS\system32\DWMAPI.DLL
0x00007ffbc29a0000 - 0x00007ffbc2a4f000 	C:\WINDOWS\system32\uxtheme.dll
0x00007ffbb27d0000 - 0x00007ffbb28dc000 	C:\WINDOWS\system32\opengl32.dll
0x00007ffbb4ff0000 - 0x00007ffbb501d000 	C:\WINDOWS\SYSTEM32\GLU32.dll
0x00007ffbc2d10000 - 0x00007ffbc2d57000 	C:\WINDOWS\SYSTEM32\dxcore.dll
0x00007ffbc77c0000 - 0x00007ffbc791d000 	C:\WINDOWS\System32\MSCTF.dll
0x00007ffbc6e00000 - 0x00007ffbc6f96000 	C:\WINDOWS\System32\ole32.dll
0x00007ffbaaf10000 - 0x00007ffbaaf3d000 	C:\Program Files\Java\jdk-18\bin\javajpeg.dll
0x00007ffbaab80000 - 0x00007ffbaac09000 	C:\Program Files\Java\jdk-18\bin\freetype.dll
0x00007ffbaaad0000 - 0x00007ffbaab78000 	C:\Program Files\Java\jdk-18\bin\fontmanager.dll
0x00007ffbc6c20000 - 0x00007ffbc6cc8000 	C:\WINDOWS\System32\clbcatq.dll
0x00007ffbc0ff0000 - 0x00007ffbc121e000 	C:\WINDOWS\SYSTEM32\WindowsCodecs.dll
0x00007ffba39a0000 - 0x00007ffba39fa000 	C:\WINDOWS\system32\dataexchange.dll
0x00007ffbb76b0000 - 0x00007ffbb78eb000 	C:\WINDOWS\system32\twinapi.appcore.dll
0x00007ffbb8120000 - 0x00007ffbb8269000 	C:\WINDOWS\SYSTEM32\textinputframework.dll
0x00007ffb9e4a0000 - 0x00007ffb9e50b000 	C:\WINDOWS\system32\Oleacc.dll

dbghelp: loaded successfully - version: 4.0.5 - missing functions: none
symbol engine: initialized successfully - sym options: 0x614 - pdb path: .;C:\Program Files\Java\jdk-18\bin;C:\WINDOWS\SYSTEM32;C:\WINDOWS\WinSxS\amd64_microsoft.windows.common-controls_6595b64144ccf1df_6.0.26100.3575_none_3e0d5430e32ff727;C:\Program Files\Java\jdk-18\bin\server

VM Arguments:
jvm_args: -Dfile.encoding=windows-1252 -Dstdout.encoding=windows-1252 -Dstderr.encoding=windows-1252 --module-path=C:\Users\user\OneDrive\Desktop\Banking\bin;C:\Users\user\OneDrive\Desktop\Banking\jcalendar-tz-1.3.3-4.jar;C:\Users\user\OneDrive\Desktop\Banking\mysql-connector-java-8.0.28.jar -XX:+ShowCodeDetailsInExceptionMessages -Djdk.module.main=MyNewBank 
java_command: MyNewBank/bank.management.system.Deposit
java_class_path (initial): <not set>
Launcher Type: SUN_STANDARD

[Global flags]
     intx CICompilerCount                          = 4                                         {product} {ergonomic}
     uint ConcGCThreads                            = 2                                         {product} {ergonomic}
     uint G1ConcRefinementThreads                  = 8                                         {product} {ergonomic}
   size_t G1HeapRegionSize                         = 1048576                                   {product} {ergonomic}
    uintx GCDrainStackTargetSize                   = 64                                        {product} {ergonomic}
   size_t InitialHeapSize                          = 127926272                                 {product} {ergonomic}
   size_t MarkStackSize                            = 4194304                                   {product} {ergonomic}
   size_t MaxHeapSize                              = 2040528896                                {product} {ergonomic}
   size_t MaxNewSize                               = 1223688192                                {product} {ergonomic}
   size_t MinHeapDeltaBytes                        = 1048576                                   {product} {ergonomic}
   size_t MinHeapSize                              = 8388608                                   {product} {ergonomic}
    uintx NonNMethodCodeHeapSize                   = 5839372                                {pd product} {ergonomic}
    uintx NonProfiledCodeHeapSize                  = 122909434                              {pd product} {ergonomic}
    uintx ProfiledCodeHeapSize                     = 122909434                              {pd product} {ergonomic}
    uintx ReservedCodeCacheSize                    = 251658240                              {pd product} {ergonomic}
     bool SegmentedCodeCache                       = true                                      {product} {ergonomic}
     bool ShowCodeDetailsInExceptionMessages       = true                                   {manageable} {command line}
   size_t SoftMaxHeapSize                          = 2040528896                             {manageable} {ergonomic}
     bool UseCompressedClassPointers               = true                           {product lp64_product} {ergonomic}
     bool UseCompressedOops                        = true                           {product lp64_product} {ergonomic}
     bool UseG1GC                                  = true                                      {product} {ergonomic}
     bool UseLargePagesIndividualAllocation        = false                                  {pd product} {ergonomic}

Logging:
Log output configuration:
 #0: stdout all=warning uptime,level,tags foldmultilines=false
 #1: stderr all=off uptime,level,tags foldmultilines=false

Environment Variables:
JAVA_HOME=C:\Program Files\Java\jdk-18
PATH=C:/Users/user/.p2/pool/plugins/org.eclipse.justj.openjdk.hotspot.jre.full.win32.x86_64_23.0.1.v20241024-1700/jre/bin/server;C:/Users/user/.p2/pool/plugins/org.eclipse.justj.openjdk.hotspot.jre.full.win32.x86_64_23.0.1.v20241024-1700/jre/bin;C:\oracle\product\10.2.0\db_1\bin;C:\Program Files\Common Files\Oracle\Java\javapath;C:\WINDOWS\system32;C:\WINDOWS;C:\WINDOWS\System32\Wbem;C:\WINDOWS\System32\WindowsPowerShell\v1.0\;C:\WINDOWS\System32\OpenSSH\C:\Program Files\Java\jdk-18\bin;c:\Program Files (x86)\Microsoft SQL Server\100\Tools\Binn\;c:\Program Files\Microsoft SQL Server\100\Tools\Binn\;c:\Program Files\Microsoft SQL Server\100\DTS\Binn\;C:\WINDOWS\System32\OpenSSH\;C:\Program Files\Java\apache-maven-3.9.6\bin;C:\Program Files\Git\cmd;C:\Users\user\Downloads\apache-maven-3.9.9-bin.tar.gz\apache-maven-3.9.9;C:\Program Files\nodejs\;C:\Users\user\AppData\Local\Microsoft\WindowsApps;C:\Users\user\AppData\Local\Programs\Microsoft VS Code\bin;C:\MinGW\bin;C:\Program Files\Java\apache-maven-3.9.6\bin;;C:\Program Files\JetBrains\PyCharm Community Edition 2022.2.2\bin;;C:\Users\user\AppData\Roaming\npm;C:\WINDOWS\System32;
USERNAME=user
OS=Windows_NT
PROCESSOR_IDENTIFIER=Intel64 Family 6 Model 126 Stepping 5, GenuineIntel



---------------  S Y S T E M  ---------------

OS:
 Windows 11 , 64 bit Build 26100 (10.0.26100.3575)
OS uptime: 3 days 1:14 hours
Hyper-V role detected

CPU: total 8 (initial active 8) (4 cores per cpu, 2 threads per core) family 6 model 126 stepping 5 microcode 0xc6, cx8, cmov, fxsr, ht, mmx, 3dnowpref, sse, sse2, sse3, ssse3, sse4.1, sse4.2, popcnt, lzcnt, tsc, tscinvbit, avx, avx2, aes, erms, clmul, bmi1, bmi2, adx, avx512f, avx512dq, avx512cd, avx512bw, avx512vl, sha, fma, vzeroupper, avx512_vpopcntdq, avx512_vpclmulqdq, avx512_vaes, avx512_vnni, clflush, clflushopt, avx512_vbmi2, avx512_vbmi, hv

Memory: 4k page, system-wide physical 7778M (1733M free)
TotalPageFile size 31330M (AvailPageFile size 5M)
current process WorkingSet (physical memory assigned to process): 329M, peak: 329M
current process commit charge ("private bytes"): 404M, peak: 414M

vm_info: Java HotSpot(TM) 64-Bit Server VM (18+36-2087) for windows-amd64 JRE (18+36-2087), built on Feb 15 2022 09:43:11 by "mach5one" with MS VC++ 16.8 / 16.9 (VS2019)

END.
